[ 2016-03-01T16:38:42+08:00 ] ::1 /lcservice/index.php?g=user&m=index&a=is_login
INFO: [ app_begin ] --START--
INFO: Run Behavior\ReadHtmlCacheBehavior [ RunTime:0.000000s ]
INFO: Run Behavior\CheckLangBehavior [ RunTime:0.000000s ]
INFO: [ app_begin ] --END-- [ RunTime:0.000000s ]
NOTIC: [8] Undefined index: url E:\xampp\htdocs\lcservice\application\Common\Controller\AppframeController.class.php 第 24 行.

[ 2016-03-01T16:39:20+08:00 ] ::1 /lcservice/index.php?g=user&m=register&a=doregister
INFO: [ app_begin ] --START--
INFO: Run Behavior\ReadHtmlCacheBehavior [ RunTime:0.000000s ]
INFO: Run Behavior\CheckLangBehavior [ RunTime:0.000000s ]
INFO: [ app_begin ] --END-- [ RunTime:0.000000s ]
SQL: SHOW COLUMNS FROM `cmf_users` [ RunTime:0.0000s ]

[ 2016-03-01T16:39:32+08:00 ] ::1 /lcservice/index.php?g=user&m=register&a=doregister
INFO: [ app_begin ] --START--
INFO: Run Behavior\ReadHtmlCacheBehavior [ RunTime:0.000000s ]
INFO: Run Behavior\CheckLangBehavior [ RunTime:0.000000s ]
INFO: [ app_begin ] --END-- [ RunTime:0.000000s ]
SQL: SHOW COLUMNS FROM `cmf_users` [ RunTime:0.0000s ]
SQL: SELECT COUNT(*) AS tp_count FROM `cmf_users` WHERE `user_login` = 'aaa_yundait_com' OR `user_email` = 'aaa@yundait.com' LIMIT 1   [ RunTime:0.0000s ]
SQL: INSERT INTO `cmf_users` (`user_login`,`user_email`,`user_nicename`,`user_pass`,`last_login_ip`,`create_time`,`last_login_time`,`user_status`,`user_type`) VALUES ('aaa_yundait_com','aaa@yundait.com','aaa_yundait_com','###f06d596fe0c94a15656018969540ef62','0.0.0.0','2016-03-01 16:39:32','2016-03-01 16:39:32','1','2') [ RunTime:0.0312s ]

[ 2016-03-01T16:55:50+08:00 ] ::1 /lcservice/index.php?g=user&m=index&a=is_login
INFO: [ app_begin ] --START--
INFO: Run Behavior\ReadHtmlCacheBehavior [ RunTime:0.000000s ]
INFO: Run Behavior\CheckLangBehavior [ RunTime:0.000000s ]
INFO: [ app_begin ] --END-- [ RunTime:0.001000s ]
NOTIC: [8] Undefined index: url E:\xampp\htdocs\lcservice\application\Common\Controller\AppframeController.class.php 第 24 行.

[ 2016-03-01T17:02:37+08:00 ] ::1 /lcservice/index.php?g=user&m=index&a=is_login
INFO: [ app_begin ] --START--
INFO: Run Behavior\ReadHtmlCacheBehavior [ RunTime:0.000000s ]
INFO: Run Behavior\CheckLangBehavior [ RunTime:0.000000s ]
INFO: [ app_begin ] --END-- [ RunTime:0.001000s ]
NOTIC: [8] Undefined index: url E:\xampp\htdocs\lcservice\application\Common\Controller\AppframeController.class.php 第 24 行.

[ 2016-03-01T17:02:45+08:00 ] ::1 /lcservice/index.php?g=user&m=index&a=is_login
INFO: [ app_begin ] --START--
INFO: Run Behavior\ReadHtmlCacheBehavior [ RunTime:0.000000s ]
INFO: Run Behavior\CheckLangBehavior [ RunTime:0.000000s ]
INFO: [ app_begin ] --END-- [ RunTime:0.000000s ]
NOTIC: [8] Undefined index: url E:\xampp\htdocs\lcservice\application\Common\Controller\AppframeController.class.php 第 24 行.

[ 2016-03-01T17:02:51+08:00 ] ::1 /lcservice/index.php?g=user&m=index&a=is_login
INFO: [ app_begin ] --START--
INFO: Run Behavior\ReadHtmlCacheBehavior [ RunTime:0.000000s ]
INFO: Run Behavior\CheckLangBehavior [ RunTime:0.000000s ]
INFO: [ app_begin ] --END-- [ RunTime:0.000000s ]
NOTIC: [8] Undefined index: url E:\xampp\htdocs\lcservice\application\Common\Controller\AppframeController.class.php 第 24 行.

[ 2016-03-01T17:02:58+08:00 ] ::1 /lcservice/index.php?g=user&m=index&a=is_login
INFO: [ app_begin ] --START--
INFO: Run Behavior\ReadHtmlCacheBehavior [ RunTime:0.000000s ]
INFO: Run Behavior\CheckLangBehavior [ RunTime:0.000000s ]
INFO: [ app_begin ] --END-- [ RunTime:0.000000s ]
NOTIC: [8] Undefined index: url E:\xampp\htdocs\lcservice\application\Common\Controller\AppframeController.class.php 第 24 行.

[ 2016-03-01T17:03:10+08:00 ] ::1 /lcservice/index.php?g=user&m=index&a=is_login
INFO: [ app_begin ] --START--
INFO: Run Behavior\ReadHtmlCacheBehavior [ RunTime:0.000000s ]
INFO: Run Behavior\CheckLangBehavior [ RunTime:0.010000s ]
INFO: [ app_begin ] --END-- [ RunTime:0.010000s ]
NOTIC: [8] Undefined index: url E:\xampp\htdocs\lcservice\application\Common\Controller\AppframeController.class.php 第 24 行.

[ 2016-03-01T17:03:19+08:00 ] ::1 /lcservice/index.php?g=user&m=index&a=is_login
INFO: [ app_begin ] --START--
INFO: Run Behavior\ReadHtmlCacheBehavior [ RunTime:0.000000s ]
INFO: Run Behavior\CheckLangBehavior [ RunTime:0.000000s ]
INFO: [ app_begin ] --END-- [ RunTime:0.000000s ]
NOTIC: [8] Undefined index: url E:\xampp\htdocs\lcservice\application\Common\Controller\AppframeController.class.php 第 24 行.

[ 2016-03-01T17:20:00+08:00 ] ::1 /lcservice/index.php?g=user&m=index&a=is_login
INFO: [ app_begin ] --START--
INFO: Run Behavior\ReadHtmlCacheBehavior [ RunTime:0.000000s ]
INFO: Run Behavior\CheckLangBehavior [ RunTime:0.000000s ]
INFO: [ app_begin ] --END-- [ RunTime:0.000000s ]
NOTIC: [8] Undefined index: url E:\xampp\htdocs\lcservice\application\Common\Controller\AppframeController.class.php 第 24 行.

[ 2016-03-01T17:20:02+08:00 ] ::1 /lcservice/index.php?g=user&m=index&a=is_login
INFO: [ app_begin ] --START--
INFO: Run Behavior\ReadHtmlCacheBehavior [ RunTime:0.000000s ]
INFO: Run Behavior\CheckLangBehavior [ RunTime:0.001001s ]
INFO: [ app_begin ] --END-- [ RunTime:0.001001s ]
NOTIC: [8] Undefined index: url E:\xampp\htdocs\lcservice\application\Common\Controller\AppframeController.class.php 第 24 行.

[ 2016-03-01T17:20:11+08:00 ] ::1 /lcservice/index.php?g=user&m=index&a=is_login
INFO: [ app_begin ] --START--
INFO: Run Behavior\ReadHtmlCacheBehavior [ RunTime:0.000000s ]
INFO: Run Behavior\CheckLangBehavior [ RunTime:0.000000s ]
INFO: [ app_begin ] --END-- [ RunTime:0.000000s ]
NOTIC: [8] Undefined index: url E:\xampp\htdocs\lcservice\application\Common\Controller\AppframeController.class.php 第 24 行.

[ 2016-03-01T17:20:39+08:00 ] ::1 /lcservice/index.php?g=user&m=index&a=is_login
INFO: [ app_begin ] --START--
INFO: Run Behavior\ReadHtmlCacheBehavior [ RunTime:0.000000s ]
INFO: Run Behavior\CheckLangBehavior [ RunTime:0.000000s ]
INFO: [ app_begin ] --END-- [ RunTime:0.000000s ]
NOTIC: [8] Undefined index: url E:\xampp\htdocs\lcservice\application\Common\Controller\AppframeController.class.php 第 24 行.

[ 2016-03-01T17:21:28+08:00 ] ::1 /lcservice/index.php?g=user&m=index&a=is_login
INFO: [ app_begin ] --START--
INFO: Run Behavior\ReadHtmlCacheBehavior [ RunTime:0.001000s ]
INFO: Run Behavior\CheckLangBehavior [ RunTime:0.000000s ]
INFO: [ app_begin ] --END-- [ RunTime:0.001000s ]
NOTIC: [8] Undefined index: url E:\xampp\htdocs\lcservice\application\Common\Controller\AppframeController.class.php 第 24 行.

[ 2016-03-01T17:21:30+08:00 ] ::1 /lcservice/index.php?g=user&m=index&a=is_login
INFO: [ app_begin ] --START--
INFO: Run Behavior\ReadHtmlCacheBehavior [ RunTime:0.001000s ]
INFO: Run Behavior\CheckLangBehavior [ RunTime:0.000000s ]
INFO: [ app_begin ] --END-- [ RunTime:0.001000s ]
NOTIC: [8] Undefined index: url E:\xampp\htdocs\lcservice\application\Common\Controller\AppframeController.class.php 第 24 行.

[ 2016-03-01T17:22:02+08:00 ] ::1 /lcservice/index.php?g=user&m=index&a=is_login
INFO: [ app_begin ] --START--
INFO: Run Behavior\ReadHtmlCacheBehavior [ RunTime:0.000000s ]
INFO: Run Behavior\CheckLangBehavior [ RunTime:0.000000s ]
INFO: [ app_begin ] --END-- [ RunTime:0.000000s ]
NOTIC: [8] Undefined index: url E:\xampp\htdocs\lcservice\application\Common\Controller\AppframeController.class.php 第 24 行.

[ 2016-03-01T17:22:08+08:00 ] ::1 /lcservice/index.php?g=user&m=index&a=is_login
INFO: [ app_begin ] --START--
INFO: Run Behavior\ReadHtmlCacheBehavior [ RunTime:0.000000s ]
INFO: Run Behavior\CheckLangBehavior [ RunTime:0.000000s ]
INFO: [ app_begin ] --END-- [ RunTime:0.000000s ]
NOTIC: [8] Undefined index: url E:\xampp\htdocs\lcservice\application\Common\Controller\AppframeController.class.php 第 24 行.

[ 2016-03-01T17:33:41+08:00 ] ::1 /lcservice/index.php?g=user&m=index&a=is_login
INFO: [ app_begin ] --START--
INFO: Run Behavior\ReadHtmlCacheBehavior [ RunTime:0.000000s ]
INFO: Run Behavior\CheckLangBehavior [ RunTime:0.001000s ]
INFO: [ app_begin ] --END-- [ RunTime:0.002000s ]
NOTIC: [8] Undefined index: url E:\xampp\htdocs\lcservice\application\Common\Controller\AppframeController.class.php 第 24 行.

[ 2016-03-01T17:33:43+08:00 ] ::1 /lcservice/index.php?g=user&m=index&a=is_login
INFO: [ app_begin ] --START--
INFO: Run Behavior\ReadHtmlCacheBehavior [ RunTime:0.000000s ]
INFO: Run Behavior\CheckLangBehavior [ RunTime:0.001000s ]
INFO: [ app_begin ] --END-- [ RunTime:0.002000s ]
NOTIC: [8] Undefined index: url E:\xampp\htdocs\lcservice\application\Common\Controller\AppframeController.class.php 第 24 行.

[ 2016-03-01T17:33:45+08:00 ] ::1 /lcservice/index.php?g=user&m=index&a=is_login
INFO: [ app_begin ] --START--
INFO: Run Behavior\ReadHtmlCacheBehavior [ RunTime:0.001000s ]
INFO: Run Behavior\CheckLangBehavior [ RunTime:0.000000s ]
INFO: [ app_begin ] --END-- [ RunTime:0.001000s ]
NOTIC: [8] Undefined index: url E:\xampp\htdocs\lcservice\application\Common\Controller\AppframeController.class.php 第 24 行.

[ 2016-03-01T17:33:56+08:00 ] ::1 /lcservice/index.php?g=user&m=index&a=is_login
INFO: [ app_begin ] --START--
INFO: Run Behavior\ReadHtmlCacheBehavior [ RunTime:0.000000s ]
INFO: Run Behavior\CheckLangBehavior [ RunTime:0.001000s ]
INFO: [ app_begin ] --END-- [ RunTime:0.001000s ]
NOTIC: [8] Undefined index: url E:\xampp\htdocs\lcservice\application\Common\Controller\AppframeController.class.php 第 24 行.

[ 2016-03-01T17:33:58+08:00 ] ::1 /lcservice/index.php?g=user&m=index&a=is_login
INFO: [ app_begin ] --START--
INFO: Run Behavior\ReadHtmlCacheBehavior [ RunTime:0.000000s ]
INFO: Run Behavior\CheckLangBehavior [ RunTime:0.001000s ]
INFO: [ app_begin ] --END-- [ RunTime:0.001000s ]
NOTIC: [8] Undefined index: url E:\xampp\htdocs\lcservice\application\Common\Controller\AppframeController.class.php 第 24 行.

[ 2016-03-01T17:34:03+08:00 ] ::1 /lcservice/index.php?g=user&m=index&a=is_login
INFO: [ app_begin ] --START--
INFO: Run Behavior\ReadHtmlCacheBehavior [ RunTime:0.000000s ]
INFO: Run Behavior\CheckLangBehavior [ RunTime:0.001000s ]
INFO: [ app_begin ] --END-- [ RunTime:0.001000s ]
NOTIC: [8] Undefined index: url E:\xampp\htdocs\lcservice\application\Common\Controller\AppframeController.class.php 第 24 行.

[ 2016-03-01T17:39:52+08:00 ] ::1 /lcservice/index.php?g=user&m=index&a=is_login
INFO: [ app_begin ] --START--
INFO: Run Behavior\ReadHtmlCacheBehavior [ RunTime:0.000000s ]
INFO: Run Behavior\CheckLangBehavior [ RunTime:0.000000s ]
INFO: [ app_begin ] --END-- [ RunTime:0.000000s ]
NOTIC: [8] Undefined index: url E:\xampp\htdocs\lcservice\application\Common\Controller\AppframeController.class.php 第 24 行.

[ 2016-03-01T17:41:19+08:00 ] ::1 /lcservice/index.php?g=user&m=index&a=is_login
INFO: [ app_begin ] --START--
INFO: Run Behavior\ReadHtmlCacheBehavior [ RunTime:0.000000s ]
INFO: Run Behavior\CheckLangBehavior [ RunTime:0.000000s ]
INFO: [ app_begin ] --END-- [ RunTime:0.000000s ]
NOTIC: [8] Undefined index: url E:\xampp\htdocs\lcservice\application\Common\Controller\AppframeController.class.php 第 24 行.

[ 2016-03-01T17:41:22+08:00 ] ::1 /lcservice/index.php?g=user&m=index&a=is_login
INFO: [ app_begin ] --START--
INFO: Run Behavior\ReadHtmlCacheBehavior [ RunTime:0.000000s ]
INFO: Run Behavior\CheckLangBehavior [ RunTime:0.000000s ]
INFO: [ app_begin ] --END-- [ RunTime:0.000000s ]
NOTIC: [8] Undefined index: url E:\xampp\htdocs\lcservice\application\Common\Controller\AppframeController.class.php 第 24 行.

[ 2016-03-01T17:41:23+08:00 ] ::1 /lcservice/index.php?g=user&m=index&a=is_login
INFO: [ app_begin ] --START--
INFO: Run Behavior\ReadHtmlCacheBehavior [ RunTime:0.000000s ]
INFO: Run Behavior\CheckLangBehavior [ RunTime:0.000000s ]
INFO: [ app_begin ] --END-- [ RunTime:0.000000s ]
NOTIC: [8] Undefined index: url E:\xampp\htdocs\lcservice\application\Common\Controller\AppframeController.class.php 第 24 行.

[ 2016-03-01T17:41:30+08:00 ] ::1 /lcservice/index.php?g=user&m=index&a=is_login
INFO: [ app_begin ] --START--
INFO: Run Behavior\ReadHtmlCacheBehavior [ RunTime:0.010000s ]
INFO: Run Behavior\CheckLangBehavior [ RunTime:0.000000s ]
INFO: [ app_begin ] --END-- [ RunTime:0.010000s ]
NOTIC: [8] Undefined index: url E:\xampp\htdocs\lcservice\application\Common\Controller\AppframeController.class.php 第 24 行.

[ 2016-03-01T17:41:56+08:00 ] ::1 /lcservice/index.php?g=user&m=index&a=is_login
INFO: [ app_begin ] --START--
INFO: Run Behavior\ReadHtmlCacheBehavior [ RunTime:0.001000s ]
INFO: Run Behavior\CheckLangBehavior [ RunTime:0.000000s ]
INFO: [ app_begin ] --END-- [ RunTime:0.001000s ]
NOTIC: [8] Undefined index: url E:\xampp\htdocs\lcservice\application\Common\Controller\AppframeController.class.php 第 24 行.

[ 2016-03-01T17:42:33+08:00 ] ::1 /lcservice/index.php?g=user&m=index&a=is_login
INFO: [ app_begin ] --START--
INFO: Run Behavior\ReadHtmlCacheBehavior [ RunTime:0.010000s ]
INFO: Run Behavior\CheckLangBehavior [ RunTime:0.000000s ]
INFO: [ app_begin ] --END-- [ RunTime:0.010000s ]
NOTIC: [8] Undefined index: url E:\xampp\htdocs\lcservice\application\Common\Controller\AppframeController.class.php 第 24 行.

[ 2016-03-01T17:42:35+08:00 ] ::1 /lcservice/index.php?g=user&m=index&a=is_login
INFO: [ app_begin ] --START--
INFO: Run Behavior\ReadHtmlCacheBehavior [ RunTime:0.000000s ]
INFO: Run Behavior\CheckLangBehavior [ RunTime:0.000000s ]
INFO: [ app_begin ] --END-- [ RunTime:0.010000s ]
NOTIC: [8] Undefined index: url E:\xampp\htdocs\lcservice\application\Common\Controller\AppframeController.class.php 第 24 行.

[ 2016-03-01T17:42:50+08:00 ] ::1 /lcservice/index.php?g=user&m=index&a=is_login
INFO: [ app_begin ] --START--
INFO: Run Behavior\ReadHtmlCacheBehavior [ RunTime:0.000000s ]
INFO: Run Behavior\CheckLangBehavior [ RunTime:0.001000s ]
INFO: [ app_begin ] --END-- [ RunTime:0.001000s ]
NOTIC: [8] Undefined index: url E:\xampp\htdocs\lcservice\application\Common\Controller\AppframeController.class.php 第 24 行.

[ 2016-03-01T17:42:54+08:00 ] ::1 /lcservice/index.php?g=user&m=index&a=is_login
INFO: [ app_begin ] --START--
INFO: Run Behavior\ReadHtmlCacheBehavior [ RunTime:0.001000s ]
INFO: Run Behavior\CheckLangBehavior [ RunTime:0.000000s ]
INFO: [ app_begin ] --END-- [ RunTime:0.001000s ]
NOTIC: [8] Undefined index: url E:\xampp\htdocs\lcservice\application\Common\Controller\AppframeController.class.php 第 24 行.

[ 2016-03-01T17:42:59+08:00 ] ::1 /lcservice/index.php?g=user&m=index&a=is_login
INFO: [ app_begin ] --START--
INFO: Run Behavior\ReadHtmlCacheBehavior [ RunTime:0.000000s ]
INFO: Run Behavior\CheckLangBehavior [ RunTime:0.000000s ]
INFO: [ app_begin ] --END-- [ RunTime:0.000000s ]
NOTIC: [8] Undefined index: url E:\xampp\htdocs\lcservice\application\Common\Controller\AppframeController.class.php 第 24 行.

[ 2016-03-01T17:43:02+08:00 ] ::1 /lcservice/index.php?g=user&m=index&a=is_login
INFO: [ app_begin ] --START--
INFO: Run Behavior\ReadHtmlCacheBehavior [ RunTime:0.000000s ]
INFO: Run Behavior\CheckLangBehavior [ RunTime:0.000000s ]
INFO: [ app_begin ] --END-- [ RunTime:0.000000s ]
NOTIC: [8] Undefined index: url E:\xampp\htdocs\lcservice\application\Common\Controller\AppframeController.class.php 第 24 行.

[ 2016-03-01T17:43:05+08:00 ] ::1 /lcservice/index.php?g=user&m=index&a=is_login
INFO: [ app_begin ] --START--
INFO: Run Behavior\ReadHtmlCacheBehavior [ RunTime:0.000000s ]
INFO: Run Behavior\CheckLangBehavior [ RunTime:0.000000s ]
INFO: [ app_begin ] --END-- [ RunTime:0.010000s ]
NOTIC: [8] Undefined index: url E:\xampp\htdocs\lcservice\application\Common\Controller\AppframeController.class.php 第 24 行.

[ 2016-03-01T17:45:56+08:00 ] ::1 /lcservice/index.php?g=user&m=index&a=is_login
INFO: [ app_begin ] --START--
INFO: Run Behavior\ReadHtmlCacheBehavior [ RunTime:0.000000s ]
INFO: Run Behavior\CheckLangBehavior [ RunTime:0.001001s ]
INFO: [ app_begin ] --END-- [ RunTime:0.002001s ]
NOTIC: [8] Undefined index: url E:\xampp\htdocs\lcservice\application\Common\Controller\AppframeController.class.php 第 24 行.

[ 2016-03-01T17:45:59+08:00 ] ::1 /lcservice/index.php?g=user&m=index&a=is_login
INFO: [ app_begin ] --START--
INFO: Run Behavior\ReadHtmlCacheBehavior [ RunTime:0.000000s ]
INFO: Run Behavior\CheckLangBehavior [ RunTime:0.001000s ]
INFO: [ app_begin ] --END-- [ RunTime:0.001000s ]
NOTIC: [8] Undefined index: url E:\xampp\htdocs\lcservice\application\Common\Controller\AppframeController.class.php 第 24 行.

[ 2016-03-01T17:46:53+08:00 ] ::1 /lcservice/index.php?g=user&m=index&a=is_login
INFO: [ app_begin ] --START--
INFO: Run Behavior\ReadHtmlCacheBehavior [ RunTime:0.000000s ]
INFO: Run Behavior\CheckLangBehavior [ RunTime:0.000000s ]
INFO: [ app_begin ] --END-- [ RunTime:0.000000s ]
NOTIC: [8] Undefined index: url E:\xampp\htdocs\lcservice\application\Common\Controller\AppframeController.class.php 第 24 行.

[ 2016-03-01T17:47:02+08:00 ] ::1 /lcservice/index.php?g=user&m=index&a=is_login
INFO: [ app_begin ] --START--
INFO: Run Behavior\ReadHtmlCacheBehavior [ RunTime:0.000000s ]
INFO: Run Behavior\CheckLangBehavior [ RunTime:0.000000s ]
INFO: [ app_begin ] --END-- [ RunTime:0.000000s ]
NOTIC: [8] Undefined index: url E:\xampp\htdocs\lcservice\application\Common\Controller\AppframeController.class.php 第 24 行.

[ 2016-03-01T17:47:35+08:00 ] ::1 /lcservice/index.php?g=user&m=index&a=is_login
INFO: [ app_begin ] --START--
INFO: Run Behavior\ReadHtmlCacheBehavior [ RunTime:0.000000s ]
INFO: Run Behavior\CheckLangBehavior [ RunTime:0.000000s ]
INFO: [ app_begin ] --END-- [ RunTime:0.000000s ]
NOTIC: [8] Undefined index: url E:\xampp\htdocs\lcservice\application\Common\Controller\AppframeController.class.php 第 24 行.

[ 2016-03-01T17:47:38+08:00 ] ::1 /lcservice/index.php?g=user&m=index&a=is_login
INFO: [ app_begin ] --START--
INFO: Run Behavior\ReadHtmlCacheBehavior [ RunTime:0.000000s ]
INFO: Run Behavior\CheckLangBehavior [ RunTime:0.000000s ]
INFO: [ app_begin ] --END-- [ RunTime:0.000000s ]
NOTIC: [8] Undefined index: url E:\xampp\htdocs\lcservice\application\Common\Controller\AppframeController.class.php 第 24 行.

[ 2016-03-01T17:47:39+08:00 ] ::1 /lcservice/index.php?g=user&m=index&a=is_login
INFO: [ app_begin ] --START--
INFO: Run Behavior\ReadHtmlCacheBehavior [ RunTime:0.000000s ]
INFO: Run Behavior\CheckLangBehavior [ RunTime:0.000000s ]
INFO: [ app_begin ] --END-- [ RunTime:0.000000s ]
NOTIC: [8] Undefined index: url E:\xampp\htdocs\lcservice\application\Common\Controller\AppframeController.class.php 第 24 行.

[ 2016-03-01T17:47:47+08:00 ] ::1 /lcservice/index.php?g=user&m=index&a=is_login
INFO: [ app_begin ] --START--
INFO: Run Behavior\ReadHtmlCacheBehavior [ RunTime:0.000000s ]
INFO: Run Behavior\CheckLangBehavior [ RunTime:0.000000s ]
INFO: [ app_begin ] --END-- [ RunTime:0.002000s ]
NOTIC: [8] Undefined index: url E:\xampp\htdocs\lcservice\application\Common\Controller\AppframeController.class.php 第 24 行.

[ 2016-03-01T17:47:51+08:00 ] ::1 /lcservice/index.php?g=user&m=index&a=is_login
INFO: [ app_begin ] --START--
INFO: Run Behavior\ReadHtmlCacheBehavior [ RunTime:0.000000s ]
INFO: Run Behavior\CheckLangBehavior [ RunTime:0.001000s ]
INFO: [ app_begin ] --END-- [ RunTime:0.002000s ]
NOTIC: [8] Undefined index: url E:\xampp\htdocs\lcservice\application\Common\Controller\AppframeController.class.php 第 24 行.

[ 2016-03-01T17:47:56+08:00 ] ::1 /lcservice/index.php?g=user&m=index&a=is_login
INFO: [ app_begin ] --START--
INFO: Run Behavior\ReadHtmlCacheBehavior [ RunTime:0.000000s ]
INFO: Run Behavior\CheckLangBehavior [ RunTime:0.001000s ]
INFO: [ app_begin ] --END-- [ RunTime:0.001000s ]
NOTIC: [8] Undefined index: url E:\xampp\htdocs\lcservice\application\Common\Controller\AppframeController.class.php 第 24 行.

[ 2016-03-01T17:48:47+08:00 ] ::1 /lcservice/index.php?g=user&m=index&a=is_login
INFO: [ app_begin ] --START--
INFO: Run Behavior\ReadHtmlCacheBehavior [ RunTime:0.000000s ]
INFO: Run Behavior\CheckLangBehavior [ RunTime:0.001000s ]
INFO: [ app_begin ] --END-- [ RunTime:0.001000s ]
NOTIC: [8] Undefined index: url E:\xampp\htdocs\lcservice\application\Common\Controller\AppframeController.class.php 第 24 行.

[ 2016-03-01T17:48:49+08:00 ] ::1 /lcservice/index.php?g=user&m=index&a=is_login
INFO: [ app_begin ] --START--
INFO: Run Behavior\ReadHtmlCacheBehavior [ RunTime:0.001000s ]
INFO: Run Behavior\CheckLangBehavior [ RunTime:0.000000s ]
INFO: [ app_begin ] --END-- [ RunTime:0.001000s ]
NOTIC: [8] Undefined index: url E:\xampp\htdocs\lcservice\application\Common\Controller\AppframeController.class.php 第 24 行.

[ 2016-03-01T17:49:08+08:00 ] ::1 /lcservice/index.php?g=user&m=index&a=is_login
INFO: [ app_begin ] --START--
INFO: Run Behavior\ReadHtmlCacheBehavior [ RunTime:0.001000s ]
INFO: Run Behavior\CheckLangBehavior [ RunTime:0.000000s ]
INFO: [ app_begin ] --END-- [ RunTime:0.001000s ]
NOTIC: [8] Undefined index: url E:\xampp\htdocs\lcservice\application\Common\Controller\AppframeController.class.php 第 24 行.

[ 2016-03-01T17:49:10+08:00 ] ::1 /lcservice/index.php?g=user&m=index&a=is_login
INFO: [ app_begin ] --START--
INFO: Run Behavior\ReadHtmlCacheBehavior [ RunTime:0.001000s ]
INFO: Run Behavior\CheckLangBehavior [ RunTime:0.000000s ]
INFO: [ app_begin ] --END-- [ RunTime:0.001000s ]
NOTIC: [8] Undefined index: url E:\xampp\htdocs\lcservice\application\Common\Controller\AppframeController.class.php 第 24 行.

[ 2016-03-01T17:49:36+08:00 ] ::1 /lcservice/index.php?g=user&m=index&a=is_login
INFO: [ app_begin ] --START--
INFO: Run Behavior\ReadHtmlCacheBehavior [ RunTime:0.000000s ]
INFO: Run Behavior\CheckLangBehavior [ RunTime:0.000000s ]
INFO: [ app_begin ] --END-- [ RunTime:0.000000s ]
NOTIC: [8] Undefined index: url E:\xampp\htdocs\lcservice\application\Common\Controller\AppframeController.class.php 第 24 行.

[ 2016-03-01T17:49:57+08:00 ] ::1 /lcservice/index.php?g=user&m=index&a=is_login
INFO: [ app_begin ] --START--
INFO: Run Behavior\ReadHtmlCacheBehavior [ RunTime:0.000000s ]
INFO: Run Behavior\CheckLangBehavior [ RunTime:0.001000s ]
INFO: [ app_begin ] --END-- [ RunTime:0.001000s ]
NOTIC: [8] Undefined index: url E:\xampp\htdocs\lcservice\application\Common\Controller\AppframeController.class.php 第 24 行.

[ 2016-03-01T17:51:20+08:00 ] ::1 /lcservice/index.php?g=user&m=index&a=is_login
INFO: [ app_begin ] --START--
INFO: Run Behavior\ReadHtmlCacheBehavior [ RunTime:0.000000s ]
INFO: Run Behavior\CheckLangBehavior [ RunTime:0.000000s ]
INFO: [ app_begin ] --END-- [ RunTime:0.001000s ]
NOTIC: [8] Undefined index: url E:\xampp\htdocs\lcservice\application\Common\Controller\AppframeController.class.php 第 24 行.

[ 2016-03-01T17:51:24+08:00 ] ::1 /lcservice/index.php?g=user&m=index&a=is_login
INFO: [ app_begin ] --START--
INFO: Run Behavior\ReadHtmlCacheBehavior [ RunTime:0.000000s ]
INFO: Run Behavior\CheckLangBehavior [ RunTime:0.000000s ]
INFO: [ app_begin ] --END-- [ RunTime:0.000000s ]
NOTIC: [8] Undefined index: url E:\xampp\htdocs\lcservice\application\Common\Controller\AppframeController.class.php 第 24 行.

[ 2016-03-01T17:51:48+08:00 ] ::1 /lcservice/index.php?g=user&m=index&a=is_login
INFO: [ app_begin ] --START--
INFO: Run Behavior\ReadHtmlCacheBehavior [ RunTime:0.000000s ]
INFO: Run Behavior\CheckLangBehavior [ RunTime:0.000000s ]
INFO: [ app_begin ] --END-- [ RunTime:0.000000s ]
NOTIC: [8] Undefined index: url E:\xampp\htdocs\lcservice\application\Common\Controller\AppframeController.class.php 第 24 行.

[ 2016-03-01T17:51:50+08:00 ] ::1 /lcservice/index.php?g=user&m=index&a=is_login
INFO: [ app_begin ] --START--
INFO: Run Behavior\ReadHtmlCacheBehavior [ RunTime:0.000000s ]
INFO: Run Behavior\CheckLangBehavior [ RunTime:0.000000s ]
INFO: [ app_begin ] --END-- [ RunTime:0.000000s ]
NOTIC: [8] Undefined index: url E:\xampp\htdocs\lcservice\application\Common\Controller\AppframeController.class.php 第 24 行.

[ 2016-03-01T17:51:58+08:00 ] ::1 /lcservice/index.php?g=user&m=index&a=is_login
INFO: [ app_begin ] --START--
INFO: Run Behavior\ReadHtmlCacheBehavior [ RunTime:0.000000s ]
INFO: Run Behavior\CheckLangBehavior [ RunTime:0.000000s ]
INFO: [ app_begin ] --END-- [ RunTime:0.000000s ]
NOTIC: [8] Undefined index: url E:\xampp\htdocs\lcservice\application\Common\Controller\AppframeController.class.php 第 24 行.

[ 2016-03-01T17:52:00+08:00 ] ::1 /lcservice/index.php?g=user&m=index&a=is_login
INFO: [ app_begin ] --START--
INFO: Run Behavior\ReadHtmlCacheBehavior [ RunTime:0.000000s ]
INFO: Run Behavior\CheckLangBehavior [ RunTime:0.000000s ]
INFO: [ app_begin ] --END-- [ RunTime:0.000000s ]
NOTIC: [8] Undefined index: url E:\xampp\htdocs\lcservice\application\Common\Controller\AppframeController.class.php 第 24 行.

[ 2016-03-01T17:52:02+08:00 ] ::1 /lcservice/index.php?g=user&m=index&a=is_login
INFO: [ app_begin ] --START--
INFO: Run Behavior\ReadHtmlCacheBehavior [ RunTime:0.000000s ]
INFO: Run Behavior\CheckLangBehavior [ RunTime:0.000000s ]
INFO: [ app_begin ] --END-- [ RunTime:0.000000s ]
NOTIC: [8] Undefined index: url E:\xampp\htdocs\lcservice\application\Common\Controller\AppframeController.class.php 第 24 行.

[ 2016-03-01T17:52:14+08:00 ] ::1 /lcservice/index.php?g=user&m=index&a=is_login
INFO: [ app_begin ] --START--
INFO: Run Behavior\ReadHtmlCacheBehavior [ RunTime:0.000000s ]
INFO: Run Behavior\CheckLangBehavior [ RunTime:0.000000s ]
INFO: [ app_begin ] --END-- [ RunTime:0.000000s ]
NOTIC: [8] Undefined index: url E:\xampp\htdocs\lcservice\application\Common\Controller\AppframeController.class.php 第 24 行.

[ 2016-03-01T17:52:16+08:00 ] ::1 /lcservice/index.php?g=user&m=index&a=is_login
INFO: [ app_begin ] --START--
INFO: Run Behavior\ReadHtmlCacheBehavior [ RunTime:0.000000s ]
INFO: Run Behavior\CheckLangBehavior [ RunTime:0.000000s ]
INFO: [ app_begin ] --END-- [ RunTime:0.000000s ]
NOTIC: [8] Undefined index: url E:\xampp\htdocs\lcservice\application\Common\Controller\AppframeController.class.php 第 24 行.

[ 2016-03-01T17:52:24+08:00 ] ::1 /lcservice/index.php?g=user&m=index&a=is_login
INFO: [ app_begin ] --START--
INFO: Run Behavior\ReadHtmlCacheBehavior [ RunTime:0.000000s ]
INFO: Run Behavior\CheckLangBehavior [ RunTime:0.000000s ]
INFO: [ app_begin ] --END-- [ RunTime:0.000000s ]
NOTIC: [8] Undefined index: url E:\xampp\htdocs\lcservice\application\Common\Controller\AppframeController.class.php 第 24 行.

[ 2016-03-01T17:52:59+08:00 ] ::1 /lcservice/index.php?g=user&m=index&a=is_login
INFO: [ app_begin ] --START--
INFO: Run Behavior\ReadHtmlCacheBehavior [ RunTime:0.000000s ]
INFO: Run Behavior\CheckLangBehavior [ RunTime:0.000000s ]
INFO: [ app_begin ] --END-- [ RunTime:0.000000s ]
NOTIC: [8] Undefined index: url E:\xampp\htdocs\lcservice\application\Common\Controller\AppframeController.class.php 第 24 行.

[ 2016-03-01T17:53:06+08:00 ] ::1 /lcservice/index.php?g=user&m=index&a=is_login
INFO: [ app_begin ] --START--
INFO: Run Behavior\ReadHtmlCacheBehavior [ RunTime:0.000000s ]
INFO: Run Behavior\CheckLangBehavior [ RunTime:0.000000s ]
INFO: [ app_begin ] --END-- [ RunTime:0.000000s ]
NOTIC: [8] Undefined index: url E:\xampp\htdocs\lcservice\application\Common\Controller\AppframeController.class.php 第 24 行.

[ 2016-03-01T17:53:20+08:00 ] ::1 /lcservice/index.php?g=user&m=index&a=is_login
INFO: [ app_begin ] --START--
INFO: Run Behavior\ReadHtmlCacheBehavior [ RunTime:0.000000s ]
INFO: Run Behavior\CheckLangBehavior [ RunTime:0.000000s ]
INFO: [ app_begin ] --END-- [ RunTime:0.000000s ]
NOTIC: [8] Undefined index: url E:\xampp\htdocs\lcservice\application\Common\Controller\AppframeController.class.php 第 24 行.

[ 2016-03-01T17:53:43+08:00 ] ::1 /lcservice/index.php?g=user&m=index&a=is_login
INFO: [ app_begin ] --START--
INFO: Run Behavior\ReadHtmlCacheBehavior [ RunTime:0.000000s ]
INFO: Run Behavior\CheckLangBehavior [ RunTime:0.000000s ]
INFO: [ app_begin ] --END-- [ RunTime:0.000000s ]
NOTIC: [8] Undefined index: url E:\xampp\htdocs\lcservice\application\Common\Controller\AppframeController.class.php 第 24 行.

[ 2016-03-01T17:54:12+08:00 ] ::1 /lcservice/index.php?g=user&m=index&a=is_login
INFO: [ app_begin ] --START--
INFO: Run Behavior\ReadHtmlCacheBehavior [ RunTime:0.000000s ]
INFO: Run Behavior\CheckLangBehavior [ RunTime:0.000000s ]
INFO: [ app_begin ] --END-- [ RunTime:0.000000s ]
NOTIC: [8] Undefined index: url E:\xampp\htdocs\lcservice\application\Common\Controller\AppframeController.class.php 第 24 行.

[ 2016-03-01T17:54:32+08:00 ] ::1 /lcservice/index.php?g=user&m=index&a=is_login
INFO: [ app_begin ] --START--
INFO: Run Behavior\ReadHtmlCacheBehavior [ RunTime:0.000000s ]
INFO: Run Behavior\CheckLangBehavior [ RunTime:0.000000s ]
INFO: [ app_begin ] --END-- [ RunTime:0.000000s ]
NOTIC: [8] Undefined index: url E:\xampp\htdocs\lcservice\application\Common\Controller\AppframeController.class.php 第 24 行.

[ 2016-03-01T17:54:51+08:00 ] ::1 /lcservice/index.php?g=user&m=index&a=is_login
INFO: [ app_begin ] --START--
INFO: Run Behavior\ReadHtmlCacheBehavior [ RunTime:0.000000s ]
INFO: Run Behavior\CheckLangBehavior [ RunTime:0.000000s ]
INFO: [ app_begin ] --END-- [ RunTime:0.000000s ]
NOTIC: [8] Undefined index: url E:\xampp\htdocs\lcservice\application\Common\Controller\AppframeController.class.php 第 24 行.

[ 2016-03-01T17:55:00+08:00 ] ::1 /lcservice/index.php?g=user&m=index&a=is_login
INFO: [ app_begin ] --START--
INFO: Run Behavior\ReadHtmlCacheBehavior [ RunTime:0.000000s ]
INFO: Run Behavior\CheckLangBehavior [ RunTime:0.000000s ]
INFO: [ app_begin ] --END-- [ RunTime:0.000000s ]
NOTIC: [8] Undefined index: url E:\xampp\htdocs\lcservice\application\Common\Controller\AppframeController.class.php 第 24 行.

[ 2016-03-01T17:55:20+08:00 ] ::1 /lcservice/index.php?g=user&m=index&a=is_login
INFO: [ app_begin ] --START--
INFO: Run Behavior\ReadHtmlCacheBehavior [ RunTime:0.000000s ]
INFO: Run Behavior\CheckLangBehavior [ RunTime:0.000000s ]
INFO: [ app_begin ] --END-- [ RunTime:0.000000s ]
NOTIC: [8] Undefined index: url E:\xampp\htdocs\lcservice\application\Common\Controller\AppframeController.class.php 第 24 行.

[ 2016-03-01T17:55:41+08:00 ] ::1 /lcservice/index.php?g=user&m=index&a=is_login
INFO: [ app_begin ] --START--
INFO: Run Behavior\ReadHtmlCacheBehavior [ RunTime:0.000000s ]
INFO: Run Behavior\CheckLangBehavior [ RunTime:0.000000s ]
INFO: [ app_begin ] --END-- [ RunTime:0.000000s ]
NOTIC: [8] Undefined index: url E:\xampp\htdocs\lcservice\application\Common\Controller\AppframeController.class.php 第 24 行.

[ 2016-03-01T17:55:43+08:00 ] ::1 /lcservice/index.php?g=user&m=index&a=is_login
INFO: [ app_begin ] --START--
INFO: Run Behavior\ReadHtmlCacheBehavior [ RunTime:0.000000s ]
INFO: Run Behavior\CheckLangBehavior [ RunTime:0.000000s ]
INFO: [ app_begin ] --END-- [ RunTime:0.000000s ]
NOTIC: [8] Undefined index: url E:\xampp\htdocs\lcservice\application\Common\Controller\AppframeController.class.php 第 24 行.

[ 2016-03-01T17:55:45+08:00 ] ::1 /lcservice/index.php?g=user&m=index&a=is_login
INFO: [ app_begin ] --START--
INFO: Run Behavior\ReadHtmlCacheBehavior [ RunTime:0.000000s ]
INFO: Run Behavior\CheckLangBehavior [ RunTime:0.000000s ]
INFO: [ app_begin ] --END-- [ RunTime:0.000000s ]
NOTIC: [8] Undefined index: url E:\xampp\htdocs\lcservice\application\Common\Controller\AppframeController.class.php 第 24 行.

[ 2016-03-01T20:46:34+08:00 ] ::1 /lcservice/index.php?g=user&m=index&a=is_login
INFO: [ app_begin ] --START--
INFO: Run Behavior\ReadHtmlCacheBehavior [ RunTime:0.000000s ]
INFO: Run Behavior\CheckLangBehavior [ RunTime:0.000000s ]
INFO: [ app_begin ] --END-- [ RunTime:0.001000s ]
NOTIC: [8] Undefined index: url E:\xampp\htdocs\lcservice\application\Common\Controller\AppframeController.class.php 第 24 行.

[ 2016-03-01T20:46:43+08:00 ] ::1 /lcservice/index.php?g=user&m=index&a=is_login
INFO: [ app_begin ] --START--
INFO: Run Behavior\ReadHtmlCacheBehavior [ RunTime:0.000000s ]
INFO: Run Behavior\CheckLangBehavior [ RunTime:0.000000s ]
INFO: [ app_begin ] --END-- [ RunTime:0.000000s ]
NOTIC: [8] Undefined index: url E:\xampp\htdocs\lcservice\application\Common\Controller\AppframeController.class.php 第 24 行.

[ 2016-03-01T22:36:29+08:00 ] ::1 /lcservice/index.php?g=user&m=index&a=is_login
INFO: [ app_begin ] --START--
INFO: Run Behavior\ReadHtmlCacheBehavior [ RunTime:0.000000s ]
INFO: Run Behavior\CheckLangBehavior [ RunTime:0.000000s ]
INFO: [ app_begin ] --END-- [ RunTime:0.000000s ]
NOTIC: [8] Undefined index: url E:\xampp\htdocs\lcservice\application\Common\Controller\AppframeController.class.php 第 24 行.

[ 2016-03-01T22:37:19+08:00 ] ::1 /lcservice/index.php?g=user&m=index&a=is_login
INFO: [ app_begin ] --START--
INFO: Run Behavior\ReadHtmlCacheBehavior [ RunTime:0.000000s ]
INFO: Run Behavior\CheckLangBehavior [ RunTime:0.000000s ]
INFO: [ app_begin ] --END-- [ RunTime:0.000000s ]
NOTIC: [8] Undefined index: url E:\xampp\htdocs\lcservice\application\Common\Controller\AppframeController.class.php 第 24 行.

[ 2016-03-01T22:37:23+08:00 ] ::1 /lcservice/index.php?g=user&m=index&a=is_login
INFO: [ app_begin ] --START--
INFO: Run Behavior\ReadHtmlCacheBehavior [ RunTime:0.000000s ]
INFO: Run Behavior\CheckLangBehavior [ RunTime:0.000000s ]
INFO: [ app_begin ] --END-- [ RunTime:0.000000s ]
NOTIC: [8] Undefined index: url E:\xampp\htdocs\lcservice\application\Common\Controller\AppframeController.class.php 第 24 行.

[ 2016-03-01T22:40:39+08:00 ] ::1 /lcservice/index.php?g=user&m=index&a=is_login
INFO: [ app_begin ] --START--
INFO: Run Behavior\ReadHtmlCacheBehavior [ RunTime:0.000000s ]
INFO: Run Behavior\CheckLangBehavior [ RunTime:0.000000s ]
INFO: [ app_begin ] --END-- [ RunTime:0.000000s ]
NOTIC: [8] Undefined index: url E:\xampp\htdocs\lcservice\application\Common\Controller\AppframeController.class.php 第 24 行.

[ 2016-03-01T22:43:12+08:00 ] ::1 /lcservice/index.php?g=user&m=index&a=is_login
INFO: [ app_begin ] --START--
INFO: Run Behavior\ReadHtmlCacheBehavior [ RunTime:0.000000s ]
INFO: Run Behavior\CheckLangBehavior [ RunTime:0.000000s ]
INFO: [ app_begin ] --END-- [ RunTime:0.000000s ]
NOTIC: [8] Undefined index: url E:\xampp\htdocs\lcservice\application\Common\Controller\AppframeController.class.php 第 24 行.

[ 2016-03-01T22:44:02+08:00 ] ::1 /lcservice/index.php?g=user&m=index&a=is_login
INFO: [ app_begin ] --START--
INFO: Run Behavior\ReadHtmlCacheBehavior [ RunTime:0.000000s ]
INFO: Run Behavior\CheckLangBehavior [ RunTime:0.000000s ]
INFO: [ app_begin ] --END-- [ RunTime:0.000000s ]
NOTIC: [8] Undefined index: url E:\xampp\htdocs\lcservice\application\Common\Controller\AppframeController.class.php 第 24 行.

[ 2016-03-01T22:44:23+08:00 ] ::1 /lcservice/index.php?g=user&m=register&a=doregister
INFO: [ app_begin ] --START--
INFO: Run Behavior\ReadHtmlCacheBehavior [ RunTime:0.000000s ]
INFO: Run Behavior\CheckLangBehavior [ RunTime:0.000000s ]
INFO: [ app_begin ] --END-- [ RunTime:0.000000s ]

[ 2016-03-01T22:44:32+08:00 ] ::1 /lcservice/index.php?g=user&m=register&a=doregister
INFO: [ app_begin ] --START--
INFO: Run Behavior\ReadHtmlCacheBehavior [ RunTime:0.010000s ]
INFO: Run Behavior\CheckLangBehavior [ RunTime:0.000000s ]
INFO: [ app_begin ] --END-- [ RunTime:0.010000s ]
SQL: SHOW COLUMNS FROM `cmf_users` [ RunTime:0.0000s ]
SQL: SELECT COUNT(*) AS tp_count FROM `cmf_users` WHERE `user_login` = '12_yundait_com' OR `user_email` = '12@yundait.com' LIMIT 1   [ RunTime:0.0000s ]
SQL: INSERT INTO `cmf_users` (`user_login`,`user_email`,`user_nicename`,`user_pass`,`last_login_ip`,`create_time`,`last_login_time`,`user_status`,`user_type`) VALUES ('12_yundait_com','12@yundait.com','12_yundait_com','###ce5d0e5d945b8833abf45a889d310421','0.0.0.0','2016-03-01 22:44:32','2016-03-01 22:44:32','1','2') [ RunTime:0.0000s ]

[ 2016-03-01T22:44:38+08:00 ] ::1 /lcservice/index.php?g=user&m=index&a=is_login
INFO: [ app_begin ] --START--
INFO: Run Behavior\ReadHtmlCacheBehavior [ RunTime:0.000000s ]
INFO: Run Behavior\CheckLangBehavior [ RunTime:0.001001s ]
INFO: [ app_begin ] --END-- [ RunTime:0.001001s ]
NOTIC: [8] Undefined index: url E:\xampp\htdocs\lcservice\application\Common\Controller\AppframeController.class.php 第 24 行.

[ 2016-03-01T22:48:31+08:00 ] ::1 /lcservice/index.php?g=user&m=index&a=is_login
INFO: [ app_begin ] --START--
INFO: Run Behavior\ReadHtmlCacheBehavior [ RunTime:0.000000s ]
INFO: Run Behavior\CheckLangBehavior [ RunTime:0.000000s ]
INFO: [ app_begin ] --END-- [ RunTime:0.000000s ]
NOTIC: [8] Undefined index: url E:\xampp\htdocs\lcservice\application\Common\Controller\AppframeController.class.php 第 24 行.

[ 2016-03-01T22:51:20+08:00 ] ::1 /lcservice/index.php?g=user&m=index&a=is_login
INFO: [ app_begin ] --START--
INFO: Run Behavior\ReadHtmlCacheBehavior [ RunTime:0.000000s ]
INFO: Run Behavior\CheckLangBehavior [ RunTime:0.000000s ]
INFO: [ app_begin ] --END-- [ RunTime:0.000000s ]
NOTIC: [8] Undefined index: url E:\xampp\htdocs\lcservice\application\Common\Controller\AppframeController.class.php 第 24 行.

[ 2016-03-01T22:53:21+08:00 ] ::1 /lcservice/index.php?g=user&m=index&a=is_login
INFO: [ app_begin ] --START--
INFO: Run Behavior\ReadHtmlCacheBehavior [ RunTime:0.000000s ]
INFO: Run Behavior\CheckLangBehavior [ RunTime:0.000000s ]
INFO: [ app_begin ] --END-- [ RunTime:0.000000s ]
NOTIC: [8] Undefined index: url E:\xampp\htdocs\lcservice\application\Common\Controller\AppframeController.class.php 第 24 行.

[ 2016-03-01T22:55:34+08:00 ] ::1 /lcservice/index.php?g=user&m=index&a=is_login
INFO: [ app_begin ] --START--
INFO: Run Behavior\ReadHtmlCacheBehavior [ RunTime:0.000000s ]
INFO: Run Behavior\CheckLangBehavior [ RunTime:0.000000s ]
INFO: [ app_begin ] --END-- [ RunTime:0.000000s ]
NOTIC: [8] Undefined index: url E:\xampp\htdocs\lcservice\application\Common\Controller\AppframeController.class.php 第 24 行.

[ 2016-03-01T22:55:44+08:00 ] ::1 /lcservice/index.php?g=user&m=index&a=is_login
INFO: [ app_begin ] --START--
INFO: Run Behavior\ReadHtmlCacheBehavior [ RunTime:0.000000s ]
INFO: Run Behavior\CheckLangBehavior [ RunTime:0.000000s ]
INFO: [ app_begin ] --END-- [ RunTime:0.000000s ]
NOTIC: [8] Undefined index: url E:\xampp\htdocs\lcservice\application\Common\Controller\AppframeController.class.php 第 24 行.

[ 2016-03-01T22:57:49+08:00 ] ::1 /lcservice/index.php?g=user&m=index&a=is_login
INFO: [ app_begin ] --START--
INFO: Run Behavior\ReadHtmlCacheBehavior [ RunTime:0.000000s ]
INFO: Run Behavior\CheckLangBehavior [ RunTime:0.000000s ]
INFO: [ app_begin ] --END-- [ RunTime:0.000000s ]
NOTIC: [8] Undefined index: url E:\xampp\htdocs\lcservice\application\Common\Controller\AppframeController.class.php 第 24 行.

[ 2016-03-01T23:07:10+08:00 ] ::1 /lcservice/index.php?g=user&m=index&a=is_login
INFO: [ app_begin ] --START--
INFO: Run Behavior\ReadHtmlCacheBehavior [ RunTime:0.000000s ]
INFO: Run Behavior\CheckLangBehavior [ RunTime:0.000000s ]
INFO: [ app_begin ] --END-- [ RunTime:0.000000s ]
NOTIC: [8] Undefined index: url E:\xampp\htdocs\lcservice\application\Common\Controller\AppframeController.class.php 第 24 行.

[ 2016-03-01T23:10:54+08:00 ] ::1 /lcservice/index.php?g=user&m=index&a=is_login
INFO: [ app_begin ] --START--
INFO: Run Behavior\ReadHtmlCacheBehavior [ RunTime:0.000000s ]
INFO: Run Behavior\CheckLangBehavior [ RunTime:0.000000s ]
INFO: [ app_begin ] --END-- [ RunTime:0.000000s ]
NOTIC: [8] Undefined index: url E:\xampp\htdocs\lcservice\application\Common\Controller\AppframeController.class.php 第 24 行.

[ 2016-03-01T23:18:49+08:00 ] ::1 /lcservice/index.php?g=user&m=index&a=is_login
INFO: [ app_begin ] --START--
INFO: Run Behavior\ReadHtmlCacheBehavior [ RunTime:0.000000s ]
INFO: Run Behavior\CheckLangBehavior [ RunTime:0.000000s ]
INFO: [ app_begin ] --END-- [ RunTime:0.000000s ]
NOTIC: [8] Undefined index: url E:\xampp\htdocs\lcservice\application\Common\Controller\AppframeController.class.php 第 24 行.

[ 2016-03-01T23:19:33+08:00 ] ::1 /lcservice/index.php?g=user&m=index&a=is_login
INFO: [ app_begin ] --START--
INFO: Run Behavior\ReadHtmlCacheBehavior [ RunTime:0.000000s ]
INFO: Run Behavior\CheckLangBehavior [ RunTime:0.000000s ]
INFO: [ app_begin ] --END-- [ RunTime:0.000000s ]
NOTIC: [8] Undefined index: url E:\xampp\htdocs\lcservice\application\Common\Controller\AppframeController.class.php 第 24 行.

