[ 2016-04-09T16:16:49+08:00 ] ::1 /zjw/index.php?g=&m=Aqwmsgfadmin&a=index
ERR: 无法加载控制器:Aqwmsgfadmin

[ 2016-04-09T16:17:33+08:00 ] ::1 /zjw/index.php?g=Admin&m=Main&a=index_xm
ERR: SQLSTATE[42000]: Syntax error or access violation: 1064 You have an error in your SQL syntax; check the manual that corresponds to your MySQL server version for the right syntax to use near 'DEBC LIMIT 0,10' at line 1

[ 2016-04-09T16:29:09+08:00 ] ::1 /zjw/index.php?g=&m=Aqwmsgfadmin&a=index
ERR: 无法加载控制器:Aqwmsgfadmin

[ 2016-04-09T16:29:30+08:00 ] ::1 /zjw/index.php?g=&m=Aqwmsgfadmin&a=index
ERR: 无法加载控制器:Aqwmsgfadmin

[ 2016-04-09T16:30:24+08:00 ] ::1 /zjw/index.php?g=Admin&m=Menu&a=index&menuid=100
NOTIC: D方法实例化没找到模型类Common\Model\AuthRuleModel

[ 2016-04-09T16:30:34+08:00 ] ::1 /zjw/index.php?g=&m=menu&a=add
NOTIC: D方法实例化没找到模型类Common\Model\AuthRuleModel

[ 2016-04-09T16:32:44+08:00 ] ::1 /zjw/index.php?g=Admin&m=Menu&a=index&menuid=100
NOTIC: D方法实例化没找到模型类Common\Model\AuthRuleModel

[ 2016-04-09T16:33:03+08:00 ] ::1 /zjw/index.php?g=&m=Menu&a=edit&id=170&menuid=100
NOTIC: D方法实例化没找到模型类Common\Model\AuthRuleModel

[ 2016-04-09T16:33:41+08:00 ] ::1 /zjw/index.php?g=&m=menu&a=add
NOTIC: D方法实例化没找到模型类Common\Model\AuthRuleModel

[ 2016-04-09T16:33:44+08:00 ] ::1 /zjw/index.php?g=Admin&m=Menu&a=index&menuid=100
NOTIC: D方法实例化没找到模型类Common\Model\AuthRuleModel

[ 2016-04-09T16:34:13+08:00 ] ::1 /zjw/index.php?g=Admin&m=Menu&a=index&menuid=100
NOTIC: D方法实例化没找到模型类Common\Model\AuthRuleModel

[ 2016-04-09T16:34:30+08:00 ] ::1 /zjw/index.php?g=&m=Menu&a=add&parentid=170&menuid=100
NOTIC: D方法实例化没找到模型类Common\Model\AuthRuleModel

[ 2016-04-09T16:34:53+08:00 ] ::1 /zjw/index.php?g=&m=Menu&a=edit&id=171&menuid=100
NOTIC: D方法实例化没找到模型类Common\Model\AuthRuleModel

[ 2016-04-09T16:35:11+08:00 ] ::1 /zjw/index.php?g=&m=Menu&a=edit&id=172&menuid=100
NOTIC: D方法实例化没找到模型类Common\Model\AuthRuleModel

[ 2016-04-09T16:35:41+08:00 ] ::1 /zjw/index.php?g=&m=Menu&a=edit&id=177&menuid=100
NOTIC: D方法实例化没找到模型类Common\Model\AuthRuleModel

[ 2016-04-09T16:36:18+08:00 ] ::1 /zjw/index.php?g=&m=Menu&a=add_post
INFO: [ app_begin ] --START--
INFO: Run Behavior\ReadHtmlCacheBehavior [ RunTime:0.000891s ]
INFO: Run Behavior\CheckLangBehavior [ RunTime:0.002942s ]
INFO: [ app_begin ] --END-- [ RunTime:0.004659s ]
SQL: SHOW COLUMNS FROM `sp_users` [ RunTime:0.0037s ]
SQL: SELECT * FROM `sp_users` WHERE ( id=1 ) LIMIT 1   [ RunTime:0.0005s ]
SQL: SHOW COLUMNS FROM `sp_menu` [ RunTime:0.0037s ]
NOTIC: D方法实例化没找到模型类Common\Model\AuthRuleModel
SQL: SHOW COLUMNS FROM `sp_auth_rule` [ RunTime:0.0028s ]
SQL: SELECT * FROM `sp_menu` WHERE `app` = 'Jcsj' AND `model` = 'Projectbdadmin' AND `action` = 'index' LIMIT 1   [ RunTime:0.0003s ]
SQL: SELECT `parentid` FROM `sp_menu` WHERE `id` = 170 LIMIT 1   [ RunTime:0.0002s ]
SQL: INSERT INTO `sp_menu` (`parentid`,`name`,`app`,`model`,`action`,`data`,`icon`,`remark`,`status`,`type`) VALUES ('170','项目标段管理','Jcsj','Projectbdadmin','index','','','','1','1') [ RunTime:0.0005s ]
SQL: SELECT * FROM `sp_auth_rule` WHERE `name` = 'jcsj/projectbdadmin/index' LIMIT 1   [ RunTime:0.0003s ]
SQL: INSERT INTO `sp_auth_rule` (`name`,`module`,`type`,`title`) VALUES ('jcsj/projectbdadmin/index','Jcsj','admin_url','项目标段管理') [ RunTime:0.0003s ]

[ 2016-04-09T16:36:18+08:00 ] ::1 /zjw/index.php?g=&m=Menu&a=index
NOTIC: D方法实例化没找到模型类Common\Model\AuthRuleModel

[ 2016-04-09T16:36:46+08:00 ] ::1 /zjw/index.php?g=Admin&m=Menu&a=index&menuid=100
NOTIC: D方法实例化没找到模型类Common\Model\AuthRuleModel

[ 2016-04-09T16:37:10+08:00 ] ::1 /zjw/index.php?g=&m=Menu&a=listorders
INFO: [ app_begin ] --START--
INFO: Run Behavior\ReadHtmlCacheBehavior [ RunTime:0.001679s ]
INFO: Run Behavior\CheckLangBehavior [ RunTime:0.003141s ]
INFO: [ app_begin ] --END-- [ RunTime:0.005743s ]
SQL: SHOW COLUMNS FROM `sp_users` [ RunTime:0.0038s ]
SQL: SELECT * FROM `sp_users` WHERE ( id=1 ) LIMIT 1   [ RunTime:0.0004s ]
SQL: SHOW COLUMNS FROM `sp_menu` [ RunTime:0.0035s ]
NOTIC: D方法实例化没找到模型类Common\Model\AuthRuleModel
SQL: SHOW COLUMNS FROM `sp_auth_rule` [ RunTime:0.0031s ]
SQL: UPDATE `sp_menu` SET `listorder`='0' WHERE `id` = 109 [ RunTime:0.0004s ]
SQL: UPDATE `sp_menu` SET `listorder`='0' WHERE `id` = 110 [ RunTime:0.0005s ]
SQL: UPDATE `sp_menu` SET `listorder`='0' WHERE `id` = 111 [ RunTime:0.0003s ]
SQL: UPDATE `sp_menu` SET `listorder`='0' WHERE `id` = 112 [ RunTime:0.0003s ]
SQL: UPDATE `sp_menu` SET `listorder`='0' WHERE `id` = 113 [ RunTime:0.0003s ]
SQL: UPDATE `sp_menu` SET `listorder`='0' WHERE `id` = 114 [ RunTime:0.0003s ]
SQL: UPDATE `sp_menu` SET `listorder`='0' WHERE `id` = 115 [ RunTime:0.0004s ]
SQL: UPDATE `sp_menu` SET `listorder`='0' WHERE `id` = 116 [ RunTime:0.0003s ]
SQL: UPDATE `sp_menu` SET `listorder`='0' WHERE `id` = 117 [ RunTime:0.0002s ]
SQL: UPDATE `sp_menu` SET `listorder`='0' WHERE `id` = 118 [ RunTime:0.0002s ]
SQL: UPDATE `sp_menu` SET `listorder`='0' WHERE `id` = 119 [ RunTime:0.0002s ]
SQL: UPDATE `sp_menu` SET `listorder`='0' WHERE `id` = 120 [ RunTime:0.0002s ]
SQL: UPDATE `sp_menu` SET `listorder`='0' WHERE `id` = 121 [ RunTime:0.0002s ]
SQL: UPDATE `sp_menu` SET `listorder`='0' WHERE `id` = 122 [ RunTime:0.0002s ]
SQL: UPDATE `sp_menu` SET `listorder`='0' WHERE `id` = 123 [ RunTime:0.0002s ]
SQL: UPDATE `sp_menu` SET `listorder`='0' WHERE `id` = 124 [ RunTime:0.0003s ]
SQL: UPDATE `sp_menu` SET `listorder`='0' WHERE `id` = 125 [ RunTime:0.0002s ]
SQL: UPDATE `sp_menu` SET `listorder`='0' WHERE `id` = 126 [ RunTime:0.0002s ]
SQL: UPDATE `sp_menu` SET `listorder`='0' WHERE `id` = 127 [ RunTime:0.0002s ]
SQL: UPDATE `sp_menu` SET `listorder`='0' WHERE `id` = 128 [ RunTime:0.0002s ]
SQL: UPDATE `sp_menu` SET `listorder`='0' WHERE `id` = 129 [ RunTime:0.0002s ]
SQL: UPDATE `sp_menu` SET `listorder`='0' WHERE `id` = 130 [ RunTime:0.0002s ]
SQL: UPDATE `sp_menu` SET `listorder`='1' WHERE `id` = 131 [ RunTime:0.0002s ]
SQL: UPDATE `sp_menu` SET `listorder`='1' WHERE `id` = 170 [ RunTime:0.0002s ]
SQL: UPDATE `sp_menu` SET `listorder`='4' WHERE `id` = 181 [ RunTime:0.0003s ]
SQL: UPDATE `sp_menu` SET `listorder`='1' WHERE `id` = 164 [ RunTime:0.0004s ]
SQL: UPDATE `sp_menu` SET `listorder`='1' WHERE `id` = 166 [ RunTime:0.0004s ]
SQL: UPDATE `sp_menu` SET `listorder`='2' WHERE `id` = 177 [ RunTime:0.0003s ]
SQL: UPDATE `sp_menu` SET `listorder`='2' WHERE `id` = 172 [ RunTime:0.0003s ]
SQL: UPDATE `sp_menu` SET `listorder`='3' WHERE `id` = 171 [ RunTime:0.0004s ]
SQL: UPDATE `sp_menu` SET `listorder`='1' WHERE `id` = 173 [ RunTime:0.0003s ]
SQL: UPDATE `sp_menu` SET `listorder`='0' WHERE `id` = 174 [ RunTime:0.0002s ]
SQL: UPDATE `sp_menu` SET `listorder`='0' WHERE `id` = 175 [ RunTime:0.0002s ]
SQL: UPDATE `sp_menu` SET `listorder`='0' WHERE `id` = 180 [ RunTime:0.0003s ]
SQL: UPDATE `sp_menu` SET `listorder`='1' WHERE `id` = 176 [ RunTime:0.0002s ]
SQL: UPDATE `sp_menu` SET `listorder`='0' WHERE `id` = 179 [ RunTime:0.0002s ]
SQL: UPDATE `sp_menu` SET `listorder`='2' WHERE `id` = 162 [ RunTime:0.0002s ]
SQL: UPDATE `sp_menu` SET `listorder`='3' WHERE `id` = 165 [ RunTime:0.0002s ]
SQL: UPDATE `sp_menu` SET `listorder`='4' WHERE `id` = 167 [ RunTime:0.0002s ]
SQL: UPDATE `sp_menu` SET `listorder`='5' WHERE `id` = 169 [ RunTime:0.0002s ]
SQL: UPDATE `sp_menu` SET `listorder`='6' WHERE `id` = 168 [ RunTime:0.0002s ]
SQL: UPDATE `sp_menu` SET `listorder`='3' WHERE `id` = 163 [ RunTime:0.0003s ]
SQL: UPDATE `sp_menu` SET `listorder`='10' WHERE `id` = 139 [ RunTime:0.0002s ]
SQL: UPDATE `sp_menu` SET `listorder`='0' WHERE `id` = 133 [ RunTime:0.0002s ]
SQL: UPDATE `sp_menu` SET `listorder`='0' WHERE `id` = 134 [ RunTime:0.0002s ]
SQL: UPDATE `sp_menu` SET `listorder`='0' WHERE `id` = 135 [ RunTime:0.0002s ]
SQL: UPDATE `sp_menu` SET `listorder`='0' WHERE `id` = 136 [ RunTime:0.0002s ]
SQL: UPDATE `sp_menu` SET `listorder`='0' WHERE `id` = 137 [ RunTime:0.0002s ]
SQL: UPDATE `sp_menu` SET `listorder`='0' WHERE `id` = 138 [ RunTime:0.0002s ]
SQL: UPDATE `sp_menu` SET `listorder`='0' WHERE `id` = 140 [ RunTime:0.0004s ]
SQL: UPDATE `sp_menu` SET `listorder`='1000' WHERE `id` = 141 [ RunTime:0.0004s ]
SQL: UPDATE `sp_menu` SET `listorder`='1000' WHERE `id` = 142 [ RunTime:0.0003s ]
SQL: UPDATE `sp_menu` SET `listorder`='0' WHERE `id` = 143 [ RunTime:0.0003s ]
SQL: UPDATE `sp_menu` SET `listorder`='1000' WHERE `id` = 144 [ RunTime:0.0003s ]
SQL: UPDATE `sp_menu` SET `listorder`='0' WHERE `id` = 145 [ RunTime:0.0004s ]
SQL: UPDATE `sp_menu` SET `listorder`='1000' WHERE `id` = 146 [ RunTime:0.0003s ]
SQL: UPDATE `sp_menu` SET `listorder`='1000' WHERE `id` = 147 [ RunTime:0.0002s ]
SQL: UPDATE `sp_menu` SET `listorder`='0' WHERE `id` = 148 [ RunTime:0.0002s ]
SQL: UPDATE `sp_menu` SET `listorder`='0' WHERE `id` = 149 [ RunTime:0.0003s ]
SQL: UPDATE `sp_menu` SET `listorder`='0' WHERE `id` = 160 [ RunTime:0.0002s ]
SQL: UPDATE `sp_menu` SET `listorder`='0' WHERE `id` = 161 [ RunTime:0.0002s ]
SQL: UPDATE `sp_menu` SET `listorder`='1000' WHERE `id` = 150 [ RunTime:0.0002s ]
SQL: UPDATE `sp_menu` SET `listorder`='1000' WHERE `id` = 151 [ RunTime:0.0002s ]
SQL: UPDATE `sp_menu` SET `listorder`='0' WHERE `id` = 152 [ RunTime:0.0002s ]
SQL: UPDATE `sp_menu` SET `listorder`='1000' WHERE `id` = 153 [ RunTime:0.0002s ]
SQL: UPDATE `sp_menu` SET `listorder`='0' WHERE `id` = 154 [ RunTime:0.0002s ]
SQL: UPDATE `sp_menu` SET `listorder`='20' WHERE `id` = 85 [ RunTime:0.0002s ]
SQL: UPDATE `sp_menu` SET `listorder`='0' WHERE `id` = 86 [ RunTime:0.0002s ]
SQL: UPDATE `sp_menu` SET `listorder`='0' WHERE `id` = 87 [ RunTime:0.0002s ]
SQL: UPDATE `sp_menu` SET `listorder`='0' WHERE `id` = 88 [ RunTime:0.0002s ]
SQL: UPDATE `sp_menu` SET `listorder`='1000' WHERE `id` = 89 [ RunTime:0.0002s ]
SQL: UPDATE `sp_menu` SET `listorder`='1000' WHERE `id` = 90 [ RunTime:0.0002s ]
SQL: UPDATE `sp_menu` SET `listorder`='0' WHERE `id` = 91 [ RunTime:0.0003s ]
SQL: UPDATE `sp_menu` SET `listorder`='1000' WHERE `id` = 92 [ RunTime:0.0004s ]
SQL: UPDATE `sp_menu` SET `listorder`='0' WHERE `id` = 93 [ RunTime:0.0003s ]
SQL: UPDATE `sp_menu` SET `listorder`='0' WHERE `id` = 94 [ RunTime:0.0003s ]
SQL: UPDATE `sp_menu` SET `listorder`='1000' WHERE `id` = 95 [ RunTime:0.0003s ]
SQL: UPDATE `sp_menu` SET `listorder`='1000' WHERE `id` = 96 [ RunTime:0.0003s ]
SQL: UPDATE `sp_menu` SET `listorder`='0' WHERE `id` = 97 [ RunTime:0.0004s ]
SQL: UPDATE `sp_menu` SET `listorder`='1000' WHERE `id` = 98 [ RunTime:0.0003s ]
SQL: UPDATE `sp_menu` SET `listorder`='0' WHERE `id` = 99 [ RunTime:0.0002s ]
SQL: UPDATE `sp_menu` SET `listorder`='20' WHERE `id` = 100 [ RunTime:0.0002s ]
SQL: UPDATE `sp_menu` SET `listorder`='0' WHERE `id` = 101 [ RunTime:0.0002s ]
SQL: UPDATE `sp_menu` SET `listorder`='0' WHERE `id` = 102 [ RunTime:0.0002s ]
SQL: UPDATE `sp_menu` SET `listorder`='0' WHERE `id` = 103 [ RunTime:0.0002s ]
SQL: UPDATE `sp_menu` SET `listorder`='1000' WHERE `id` = 104 [ RunTime:0.0003s ]
SQL: UPDATE `sp_menu` SET `listorder`='1000' WHERE `id` = 105 [ RunTime:0.0002s ]
SQL: UPDATE `sp_menu` SET `listorder`='0' WHERE `id` = 106 [ RunTime:0.0002s ]
SQL: UPDATE `sp_menu` SET `listorder`='1000' WHERE `id` = 107 [ RunTime:0.0002s ]
SQL: UPDATE `sp_menu` SET `listorder`='1000' WHERE `id` = 108 [ RunTime:0.0002s ]
SQL: UPDATE `sp_menu` SET `listorder`='30' WHERE `id` = 1 [ RunTime:0.0002s ]
SQL: UPDATE `sp_menu` SET `listorder`='0' WHERE `id` = 2 [ RunTime:0.0002s ]
SQL: UPDATE `sp_menu` SET `listorder`='0' WHERE `id` = 3 [ RunTime:0.0002s ]
SQL: UPDATE `sp_menu` SET `listorder`='0' WHERE `id` = 4 [ RunTime:0.0002s ]
SQL: UPDATE `sp_menu` SET `listorder`='0' WHERE `id` = 5 [ RunTime:0.0002s ]
SQL: UPDATE `sp_menu` SET `listorder`='0' WHERE `id` = 6 [ RunTime:0.0003s ]
SQL: UPDATE `sp_menu` SET `listorder`='1' WHERE `id` = 7 [ RunTime:0.0004s ]
SQL: UPDATE `sp_menu` SET `listorder`='0' WHERE `id` = 8 [ RunTime:0.0003s ]
SQL: UPDATE `sp_menu` SET `listorder`='0' WHERE `id` = 9 [ RunTime:0.0003s ]
SQL: UPDATE `sp_menu` SET `listorder`='0' WHERE `id` = 10 [ RunTime:0.0003s ]
SQL: UPDATE `sp_menu` SET `listorder`='1000' WHERE `id` = 11 [ RunTime:0.0003s ]
SQL: UPDATE `sp_menu` SET `listorder`='1000' WHERE `id` = 12 [ RunTime:0.0003s ]
SQL: UPDATE `sp_menu` SET `listorder`='1000' WHERE `id` = 13 [ RunTime:0.0003s ]
SQL: UPDATE `sp_menu` SET `listorder`='1000' WHERE `id` = 14 [ RunTime:0.0002s ]
SQL: UPDATE `sp_menu` SET `listorder`='0' WHERE `id` = 15 [ RunTime:0.0002s ]
SQL: UPDATE `sp_menu` SET `listorder`='1000' WHERE `id` = 16 [ RunTime:0.0002s ]
SQL: UPDATE `sp_menu` SET `listorder`='0' WHERE `id` = 17 [ RunTime:0.0002s ]
SQL: UPDATE `sp_menu` SET `listorder`='2' WHERE `id` = 18 [ RunTime:0.0002s ]
SQL: UPDATE `sp_menu` SET `listorder`='0' WHERE `id` = 19 [ RunTime:0.0003s ]
SQL: UPDATE `sp_menu` SET `listorder`='1000' WHERE `id` = 20 [ RunTime:0.0003s ]
SQL: UPDATE `sp_menu` SET `listorder`='1000' WHERE `id` = 21 [ RunTime:0.0003s ]
SQL: UPDATE `sp_menu` SET `listorder`='0' WHERE `id` = 22 [ RunTime:0.0003s ]
SQL: UPDATE `sp_menu` SET `listorder`='1000' WHERE `id` = 23 [ RunTime:0.0003s ]
SQL: UPDATE `sp_menu` SET `listorder`='0' WHERE `id` = 24 [ RunTime:0.0003s ]
SQL: UPDATE `sp_menu` SET `listorder`='3' WHERE `id` = 25 [ RunTime:0.0003s ]
SQL: UPDATE `sp_menu` SET `listorder`='0' WHERE `id` = 26 [ RunTime:0.0003s ]
SQL: UPDATE `sp_menu` SET `listorder`='1000' WHERE `id` = 27 [ RunTime:0.0003s ]
SQL: UPDATE `sp_menu` SET `listorder`='1000' WHERE `id` = 28 [ RunTime:0.0003s ]
SQL: UPDATE `sp_menu` SET `listorder`='0' WHERE `id` = 29 [ RunTime:0.0004s ]
SQL: UPDATE `sp_menu` SET `listorder`='1000' WHERE `id` = 30 [ RunTime:0.0003s ]
SQL: UPDATE `sp_menu` SET `listorder`='0' WHERE `id` = 31 [ RunTime:0.0003s ]
SQL: UPDATE `sp_menu` SET `listorder`='4' WHERE `id` = 32 [ RunTime:0.0003s ]
SQL: UPDATE `sp_menu` SET `listorder`='0' WHERE `id` = 33 [ RunTime:0.0004s ]
SQL: UPDATE `sp_menu` SET `listorder`='1000' WHERE `id` = 34 [ RunTime:0.0003s ]
SQL: UPDATE `sp_menu` SET `listorder`='1000' WHERE `id` = 35 [ RunTime:0.0003s ]
SQL: UPDATE `sp_menu` SET `listorder`='1' WHERE `id` = 36 [ RunTime:0.0003s ]
SQL: UPDATE `sp_menu` SET `listorder`='1000' WHERE `id` = 37 [ RunTime:0.0003s ]
SQL: UPDATE `sp_menu` SET `listorder`='1000' WHERE `id` = 38 [ RunTime:0.0003s ]
SQL: UPDATE `sp_menu` SET `listorder`='40' WHERE `id` = 39 [ RunTime:0.0003s ]
SQL: UPDATE `sp_menu` SET `listorder`='0' WHERE `id` = 47 [ RunTime:0.0003s ]
SQL: UPDATE `sp_menu` SET `listorder`='0' WHERE `id` = 48 [ RunTime:0.0003s ]
SQL: UPDATE `sp_menu` SET `listorder`='0' WHERE `id` = 49 [ RunTime:0.0003s ]
SQL: UPDATE `sp_menu` SET `listorder`='0' WHERE `id` = 50 [ RunTime:0.0003s ]
SQL: UPDATE `sp_menu` SET `listorder`='0' WHERE `id` = 51 [ RunTime:0.0003s ]
SQL: UPDATE `sp_menu` SET `listorder`='0' WHERE `id` = 52 [ RunTime:0.0003s ]
SQL: UPDATE `sp_menu` SET `listorder`='0' WHERE `id` = 155 [ RunTime:0.0003s ]
SQL: UPDATE `sp_menu` SET `listorder`='0' WHERE `id` = 156 [ RunTime:0.0003s ]
SQL: UPDATE `sp_menu` SET `listorder`='0' WHERE `id` = 157 [ RunTime:0.0003s ]
SQL: UPDATE `sp_menu` SET `listorder`='1' WHERE `id` = 53 [ RunTime:0.0003s ]
SQL: UPDATE `sp_menu` SET `listorder`='0' WHERE `id` = 54 [ RunTime:0.0003s ]
SQL: UPDATE `sp_menu` SET `listorder`='0' WHERE `id` = 55 [ RunTime:0.0004s ]
SQL: UPDATE `sp_menu` SET `listorder`='0' WHERE `id` = 56 [ RunTime:0.0003s ]
SQL: UPDATE `sp_menu` SET `listorder`='0' WHERE `id` = 158 [ RunTime:0.0003s ]
SQL: UPDATE `sp_menu` SET `listorder`='0' WHERE `id` = 159 [ RunTime:0.0003s ]
SQL: UPDATE `sp_menu` SET `listorder`='1000' WHERE `id` = 57 [ RunTime:0.0003s ]
SQL: UPDATE `sp_menu` SET `listorder`='1000' WHERE `id` = 58 [ RunTime:0.0003s ]
SQL: UPDATE `sp_menu` SET `listorder`='0' WHERE `id` = 59 [ RunTime:0.0003s ]
SQL: UPDATE `sp_menu` SET `listorder`='1000' WHERE `id` = 60 [ RunTime:0.0003s ]
SQL: UPDATE `sp_menu` SET `listorder`='0' WHERE `id` = 61 [ RunTime:0.0003s ]
SQL: UPDATE `sp_menu` SET `listorder`='0' WHERE `id` = 62 [ RunTime:0.0003s ]
SQL: UPDATE `sp_menu` SET `listorder`='1000' WHERE `id` = 63 [ RunTime:0.0003s ]
SQL: UPDATE `sp_menu` SET `listorder`='1000' WHERE `id` = 64 [ RunTime:0.0003s ]
SQL: UPDATE `sp_menu` SET `listorder`='0' WHERE `id` = 65 [ RunTime:0.0003s ]
SQL: UPDATE `sp_menu` SET `listorder`='1000' WHERE `id` = 66 [ RunTime:0.0003s ]
SQL: UPDATE `sp_menu` SET `listorder`='0' WHERE `id` = 67 [ RunTime:0.0003s ]
SQL: UPDATE `sp_menu` SET `listorder`='2' WHERE `id` = 68 [ RunTime:0.0003s ]
SQL: UPDATE `sp_menu` SET `listorder`='0' WHERE `id` = 69 [ RunTime:0.0003s ]
SQL: UPDATE `sp_menu` SET `listorder`='1000' WHERE `id` = 70 [ RunTime:0.0003s ]
SQL: UPDATE `sp_menu` SET `listorder`='1000' WHERE `id` = 71 [ RunTime:0.0003s ]
SQL: UPDATE `sp_menu` SET `listorder`='0' WHERE `id` = 72 [ RunTime:0.0002s ]
SQL: UPDATE `sp_menu` SET `listorder`='1000' WHERE `id` = 73 [ RunTime:0.0002s ]
SQL: UPDATE `sp_menu` SET `listorder`='0' WHERE `id` = 74 [ RunTime:0.0003s ]
SQL: UPDATE `sp_menu` SET `listorder`='3' WHERE `id` = 75 [ RunTime:0.0005s ]
SQL: UPDATE `sp_menu` SET `listorder`='0' WHERE `id` = 76 [ RunTime:0.0003s ]
SQL: UPDATE `sp_menu` SET `listorder`='0' WHERE `id` = 77 [ RunTime:0.0003s ]
SQL: UPDATE `sp_menu` SET `listorder`='1000' WHERE `id` = 78 [ RunTime:0.0003s ]
SQL: UPDATE `sp_menu` SET `listorder`='1000' WHERE `id` = 79 [ RunTime:0.0004s ]
SQL: UPDATE `sp_menu` SET `listorder`='0' WHERE `id` = 80 [ RunTime:0.0003s ]
SQL: UPDATE `sp_menu` SET `listorder`='1000' WHERE `id` = 81 [ RunTime:0.0002s ]
SQL: UPDATE `sp_menu` SET `listorder`='0' WHERE `id` = 82 [ RunTime:0.0002s ]
SQL: UPDATE `sp_menu` SET `listorder`='4' WHERE `id` = 83 [ RunTime:0.0002s ]
SQL: UPDATE `sp_menu` SET `listorder`='0' WHERE `id` = 84 [ RunTime:0.0002s ]
SQL: UPDATE `sp_menu` SET `listorder`='50' WHERE `id` = 40 [ RunTime:0.0003s ]
SQL: UPDATE `sp_menu` SET `listorder`='0' WHERE `id` = 41 [ RunTime:0.0002s ]
SQL: UPDATE `sp_menu` SET `listorder`='0' WHERE `id` = 42 [ RunTime:0.0002s ]
SQL: UPDATE `sp_menu` SET `listorder`='0' WHERE `id` = 43 [ RunTime:0.0002s ]
SQL: UPDATE `sp_menu` SET `listorder`='1000' WHERE `id` = 44 [ RunTime:0.0003s ]
SQL: UPDATE `sp_menu` SET `listorder`='1000' WHERE `id` = 45 [ RunTime:0.0002s ]
SQL: UPDATE `sp_menu` SET `listorder`='1000' WHERE `id` = 46 [ RunTime:0.0002s ]

[ 2016-04-09T16:37:10+08:00 ] ::1 /zjw/index.php?g=Admin&m=Menu&a=index&menuid=100
NOTIC: D方法实例化没找到模型类Common\Model\AuthRuleModel

[ 2016-04-09T16:37:55+08:00 ] ::1 /zjw/index.php?g=Admin&m=Menu&a=index&menuid=100
NOTIC: D方法实例化没找到模型类Common\Model\AuthRuleModel

[ 2016-04-09T16:38:03+08:00 ] ::1 /zjw/index.php?g=&m=Menu&a=edit&id=181&menuid=100
NOTIC: D方法实例化没找到模型类Common\Model\AuthRuleModel

[ 2016-04-09T16:38:28+08:00 ] ::1 /zjw/index.php?g=&m=Menu&a=edit_post
INFO: [ app_begin ] --START--
INFO: Run Behavior\ReadHtmlCacheBehavior [ RunTime:0.000797s ]
INFO: Run Behavior\CheckLangBehavior [ RunTime:0.001830s ]
INFO: [ app_begin ] --END-- [ RunTime:0.003388s ]
SQL: SHOW COLUMNS FROM `sp_users` [ RunTime:0.0051s ]
SQL: SELECT * FROM `sp_users` WHERE ( id=1 ) LIMIT 1   [ RunTime:0.0005s ]
SQL: SHOW COLUMNS FROM `sp_menu` [ RunTime:0.0037s ]
NOTIC: D方法实例化没找到模型类Common\Model\AuthRuleModel
SQL: SHOW COLUMNS FROM `sp_auth_rule` [ RunTime:0.0043s ]
SQL: SELECT `id` FROM `sp_menu` WHERE `app` = 'Jcsj' AND `model` = 'Bdadmin' AND `action` = 'index' LIMIT 1   [ RunTime:0.0005s ]
SQL: UPDATE `sp_menu` SET `parentid`='170',`name`='项目标段管理',`app`='Jcsj',`model`='Bdadmin',`action`='index',`data`='',`icon`='',`remark`='',`status`='1',`type`='1' WHERE `id` = 181 [ RunTime:0.3134s ]
SQL: SELECT * FROM `sp_auth_rule` WHERE `name` = 'jcsj/bdadmin/index' LIMIT 1   [ RunTime:0.0005s ]
SQL: INSERT INTO `sp_auth_rule` (`name`,`module`,`type`,`title`) VALUES ('jcsj/bdadmin/index','Jcsj','admin_url','项目标段管理') [ RunTime:0.0004s ]

[ 2016-04-09T16:38:29+08:00 ] ::1 /zjw/index.php?g=&m=Menu&a=edit&id=181&menuid=100
NOTIC: D方法实例化没找到模型类Common\Model\AuthRuleModel

[ 2016-04-09T16:38:33+08:00 ] ::1 /zjw/index.php?g=Admin&m=Menu&a=index&menuid=100
NOTIC: D方法实例化没找到模型类Common\Model\AuthRuleModel

[ 2016-04-09T16:50:56+08:00 ] ::1 /zjw/index.php?g=Admin&m=Main&a=index_qt
ERR: 模板不存在:tpl_admin/simpleboot/Admin/Main/index_qt.html

[ 2016-04-09T16:51:31+08:00 ] ::1 /zjw/index.php?g=Admin&m=Main&a=index_qt
ERR: 模板不存在:tpl_admin/simpleboot/Admin/Main/index_qt.html

[ 2016-04-09T16:52:05+08:00 ] ::1 /zjw/index.php?g=Admin&m=Main&a=index_qt
ERR: 模板不存在:tpl_admin/simpleboot/Admin/Main/index_qt.html

