[ 2016-04-16T16:31:14+08:00 ] 127.0.0.1 /zjw/index.php/Bzjgl/Jsfadmin/ld1
INFO: [ app_begin ] --START--
INFO: Run Behavior\ReadHtmlCacheBehavior [ RunTime:0.003117s ]
INFO: Run Behavior\CheckLangBehavior [ RunTime:0.004079s ]
INFO: [ app_begin ] --END-- [ RunTime:0.008720s ]
SQL: SHOW COLUMNS FROM `sp_users` [ RunTime:0.0049s ]
SQL: SELECT * FROM `sp_users` WHERE ( id=1 ) LIMIT 1   [ RunTime:0.0009s ]
SQL: SHOW COLUMNS FROM `sp_projectsbd` [ RunTime:0.0072s ]
SQL: SELECT `id`,`bdmc` FROM `sp_projectsbd` WHERE `projectid` = 6  [ RunTime:0.0007s ]
NOTIC: [8] Undefined index: url F:\wamp\www\zjw\application\Common\Controller\AppframeController.class.php 第 45 行.
NOTIC: [8] Undefined index: status F:\wamp\www\zjw\application\Common\Controller\AppframeController.class.php 第 46 行.

[ 2016-04-16T16:31:16+08:00 ] 127.0.0.1 /zjw/index.php/Bzjgl/Jsfadmin/ld1
INFO: [ app_begin ] --START--
INFO: Run Behavior\ReadHtmlCacheBehavior [ RunTime:0.004797s ]
INFO: Run Behavior\CheckLangBehavior [ RunTime:0.004267s ]
INFO: [ app_begin ] --END-- [ RunTime:0.011713s ]
SQL: SHOW COLUMNS FROM `sp_users` [ RunTime:0.0063s ]
SQL: SELECT * FROM `sp_users` WHERE ( id=1 ) LIMIT 1   [ RunTime:0.0007s ]
SQL: SHOW COLUMNS FROM `sp_projectsbd` [ RunTime:0.0059s ]
SQL: SELECT `id`,`bdmc` FROM `sp_projectsbd` WHERE `projectid` = 22  [ RunTime:0.0005s ]
NOTIC: [8] Array to string conversion F:\wamp\www\zjw\application\Bzjgl\Controller\JsfadminController.class.php 第 89 行.
NOTIC: [8] Undefined variable: id F:\wamp\www\zjw\application\Bzjgl\Controller\JsfadminController.class.php 第 91 行.
NOTIC: [2] Illegal string offset 'url' F:\wamp\www\zjw\application\Common\Controller\AppframeController.class.php 第 45 行.
NOTIC: [2] Illegal string offset 'url' F:\wamp\www\zjw\application\Common\Controller\AppframeController.class.php 第 45 行.
NOTIC: [2] Illegal string offset 'referer' F:\wamp\www\zjw\application\Common\Controller\AppframeController.class.php 第 45 行.
NOTIC: [2] Illegal string offset 'status' F:\wamp\www\zjw\application\Common\Controller\AppframeController.class.php 第 46 行.
NOTIC: [2] Illegal string offset 'state' F:\wamp\www\zjw\application\Common\Controller\AppframeController.class.php 第 46 行.

[ 2016-04-16T16:31:18+08:00 ] 127.0.0.1 /zjw/index.php/Bzjgl/Jsfadmin/ld1
INFO: [ app_begin ] --START--
INFO: Run Behavior\ReadHtmlCacheBehavior [ RunTime:0.002984s ]
INFO: Run Behavior\CheckLangBehavior [ RunTime:0.003809s ]
INFO: [ app_begin ] --END-- [ RunTime:0.011015s ]
SQL: SHOW COLUMNS FROM `sp_users` [ RunTime:0.0074s ]
SQL: SELECT * FROM `sp_users` WHERE ( id=1 ) LIMIT 1   [ RunTime:0.0006s ]
SQL: SHOW COLUMNS FROM `sp_projectsbd` [ RunTime:0.0047s ]
SQL: SELECT `id`,`bdmc` FROM `sp_projectsbd` WHERE `projectid` = 24  [ RunTime:0.0005s ]
NOTIC: [8] Array to string conversion F:\wamp\www\zjw\application\Bzjgl\Controller\JsfadminController.class.php 第 101 行.
NOTIC: [8] Undefined variable: id F:\wamp\www\zjw\application\Bzjgl\Controller\JsfadminController.class.php 第 102 行.
NOTIC: [8] Undefined variable: id F:\wamp\www\zjw\application\Bzjgl\Controller\JsfadminController.class.php 第 102 行.
NOTIC: [8] Undefined variable: id F:\wamp\www\zjw\application\Bzjgl\Controller\JsfadminController.class.php 第 102 行.
NOTIC: [8] Undefined variable: id F:\wamp\www\zjw\application\Bzjgl\Controller\JsfadminController.class.php 第 102 行.
NOTIC: [2] Illegal string offset 'url' F:\wamp\www\zjw\application\Common\Controller\AppframeController.class.php 第 45 行.
NOTIC: [2] Illegal string offset 'url' F:\wamp\www\zjw\application\Common\Controller\AppframeController.class.php 第 45 行.
NOTIC: [2] Illegal string offset 'referer' F:\wamp\www\zjw\application\Common\Controller\AppframeController.class.php 第 45 行.
NOTIC: [2] Illegal string offset 'status' F:\wamp\www\zjw\application\Common\Controller\AppframeController.class.php 第 46 行.
NOTIC: [2] Illegal string offset 'state' F:\wamp\www\zjw\application\Common\Controller\AppframeController.class.php 第 46 行.

[ 2016-04-16T16:31:19+08:00 ] 127.0.0.1 /zjw/index.php/Bzjgl/Jsfadmin/ld2
INFO: [ app_begin ] --START--
INFO: Run Behavior\ReadHtmlCacheBehavior [ RunTime:0.005974s ]
INFO: Run Behavior\CheckLangBehavior [ RunTime:0.004288s ]
INFO: [ app_begin ] --END-- [ RunTime:0.013370s ]
SQL: SHOW COLUMNS FROM `sp_users` [ RunTime:0.0080s ]
SQL: SELECT * FROM `sp_users` WHERE ( id=1 ) LIMIT 1   [ RunTime:0.0009s ]
SQL: SHOW COLUMNS FROM `sp_projectsbd` [ RunTime:0.0052s ]
SQL: SELECT * FROM `sp_projectsbd` WHERE `bdmc` = '1212121'  [ RunTime:0.0006s ]
NOTIC: [8] Array to string conversion F:\wamp\www\zjw\application\Bzjgl\Controller\JsfadminController.class.php 第 125 行.
NOTIC: [2] Illegal string offset 'url' F:\wamp\www\zjw\application\Common\Controller\AppframeController.class.php 第 45 行.
NOTIC: [2] Illegal string offset 'url' F:\wamp\www\zjw\application\Common\Controller\AppframeController.class.php 第 45 行.
NOTIC: [2] Illegal string offset 'referer' F:\wamp\www\zjw\application\Common\Controller\AppframeController.class.php 第 45 行.
NOTIC: [2] Illegal string offset 'status' F:\wamp\www\zjw\application\Common\Controller\AppframeController.class.php 第 46 行.
NOTIC: [2] Illegal string offset 'state' F:\wamp\www\zjw\application\Common\Controller\AppframeController.class.php 第 46 行.

[ 2016-04-16T16:31:21+08:00 ] 127.0.0.1 /zjw/index.php/Bzjgl/Jsfadmin/ld2
INFO: [ app_begin ] --START--
INFO: Run Behavior\ReadHtmlCacheBehavior [ RunTime:0.004087s ]
INFO: Run Behavior\CheckLangBehavior [ RunTime:0.004078s ]
INFO: [ app_begin ] --END-- [ RunTime:0.009485s ]
SQL: SHOW COLUMNS FROM `sp_users` [ RunTime:0.0069s ]
SQL: SELECT * FROM `sp_users` WHERE ( id=1 ) LIMIT 1   [ RunTime:0.0007s ]
SQL: SHOW COLUMNS FROM `sp_projectsbd` [ RunTime:0.0051s ]
SQL: SELECT * FROM `sp_projectsbd` WHERE `bdmc` = 'sss'  [ RunTime:0.0005s ]
NOTIC: [8] Array to string conversion F:\wamp\www\zjw\application\Bzjgl\Controller\JsfadminController.class.php 第 125 行.
NOTIC: [2] Illegal string offset 'url' F:\wamp\www\zjw\application\Common\Controller\AppframeController.class.php 第 45 行.
NOTIC: [2] Illegal string offset 'url' F:\wamp\www\zjw\application\Common\Controller\AppframeController.class.php 第 45 行.
NOTIC: [2] Illegal string offset 'referer' F:\wamp\www\zjw\application\Common\Controller\AppframeController.class.php 第 45 行.
NOTIC: [2] Illegal string offset 'status' F:\wamp\www\zjw\application\Common\Controller\AppframeController.class.php 第 46 行.
NOTIC: [2] Illegal string offset 'state' F:\wamp\www\zjw\application\Common\Controller\AppframeController.class.php 第 46 行.

[ 2016-04-16T16:39:30+08:00 ] 127.0.0.1 /zjw/index.php/Bzjgl/Jsfadmin/ld1
INFO: [ app_begin ] --START--
INFO: Run Behavior\ReadHtmlCacheBehavior [ RunTime:0.002991s ]
INFO: Run Behavior\CheckLangBehavior [ RunTime:0.005533s ]
INFO: [ app_begin ] --END-- [ RunTime:0.010038s ]
SQL: SHOW COLUMNS FROM `sp_users` [ RunTime:0.0056s ]
SQL: SELECT * FROM `sp_users` WHERE ( id=1 ) LIMIT 1   [ RunTime:0.0008s ]
SQL: SHOW COLUMNS FROM `sp_projectsbd` [ RunTime:0.0075s ]
SQL: SELECT `id`,`bdmc` FROM `sp_projectsbd` WHERE `projectid` = 24  [ RunTime:0.0006s ]
NOTIC: [8] Array to string conversion F:\wamp\www\zjw\application\Bzjgl\Controller\JsfadminController.class.php 第 101 行.
NOTIC: [8] Undefined variable: id F:\wamp\www\zjw\application\Bzjgl\Controller\JsfadminController.class.php 第 102 行.
NOTIC: [8] Undefined variable: id F:\wamp\www\zjw\application\Bzjgl\Controller\JsfadminController.class.php 第 102 行.
NOTIC: [8] Undefined variable: id F:\wamp\www\zjw\application\Bzjgl\Controller\JsfadminController.class.php 第 102 行.
NOTIC: [8] Undefined variable: id F:\wamp\www\zjw\application\Bzjgl\Controller\JsfadminController.class.php 第 102 行.
NOTIC: [2] Illegal string offset 'url' F:\wamp\www\zjw\application\Common\Controller\AppframeController.class.php 第 45 行.
NOTIC: [2] Illegal string offset 'url' F:\wamp\www\zjw\application\Common\Controller\AppframeController.class.php 第 45 行.
NOTIC: [2] Illegal string offset 'referer' F:\wamp\www\zjw\application\Common\Controller\AppframeController.class.php 第 45 行.
NOTIC: [2] Illegal string offset 'status' F:\wamp\www\zjw\application\Common\Controller\AppframeController.class.php 第 46 行.
NOTIC: [2] Illegal string offset 'state' F:\wamp\www\zjw\application\Common\Controller\AppframeController.class.php 第 46 行.

[ 2016-04-16T16:39:31+08:00 ] 127.0.0.1 /zjw/index.php/Bzjgl/Jsfadmin/ld2
INFO: [ app_begin ] --START--
INFO: Run Behavior\ReadHtmlCacheBehavior [ RunTime:0.003611s ]
INFO: Run Behavior\CheckLangBehavior [ RunTime:0.004866s ]
INFO: [ app_begin ] --END-- [ RunTime:0.010210s ]
SQL: SHOW COLUMNS FROM `sp_users` [ RunTime:0.0056s ]
SQL: SELECT * FROM `sp_users` WHERE ( id=1 ) LIMIT 1   [ RunTime:0.0011s ]
SQL: SHOW COLUMNS FROM `sp_projectsbd` [ RunTime:0.0071s ]
SQL: SELECT * FROM `sp_projectsbd` WHERE `bdmc` = '1212121'  [ RunTime:0.0006s ]
NOTIC: [8] Array to string conversion F:\wamp\www\zjw\application\Bzjgl\Controller\JsfadminController.class.php 第 125 行.
NOTIC: [2] Illegal string offset 'url' F:\wamp\www\zjw\application\Common\Controller\AppframeController.class.php 第 45 行.
NOTIC: [2] Illegal string offset 'url' F:\wamp\www\zjw\application\Common\Controller\AppframeController.class.php 第 45 行.
NOTIC: [2] Illegal string offset 'referer' F:\wamp\www\zjw\application\Common\Controller\AppframeController.class.php 第 45 行.
NOTIC: [2] Illegal string offset 'status' F:\wamp\www\zjw\application\Common\Controller\AppframeController.class.php 第 46 行.
NOTIC: [2] Illegal string offset 'state' F:\wamp\www\zjw\application\Common\Controller\AppframeController.class.php 第 46 行.

[ 2016-04-16T16:41:36+08:00 ] 127.0.0.1 /zjw/index.php/Bzjgl/Jsfadmin/ld1
INFO: [ app_begin ] --START--
INFO: Run Behavior\ReadHtmlCacheBehavior [ RunTime:0.003747s ]
INFO: Run Behavior\CheckLangBehavior [ RunTime:0.004342s ]
INFO: [ app_begin ] --END-- [ RunTime:0.009468s ]
SQL: SHOW COLUMNS FROM `sp_users` [ RunTime:0.0069s ]
SQL: SELECT * FROM `sp_users` WHERE ( id=1 ) LIMIT 1   [ RunTime:0.0012s ]
SQL: SHOW COLUMNS FROM `sp_projectsbd` [ RunTime:0.0061s ]
SQL: SELECT `id`,`bdmc` FROM `sp_projectsbd` WHERE `projectid` = 5  [ RunTime:0.0006s ]
NOTIC: [8] Undefined index: url F:\wamp\www\zjw\application\Common\Controller\AppframeController.class.php 第 45 行.
NOTIC: [8] Undefined index: status F:\wamp\www\zjw\application\Common\Controller\AppframeController.class.php 第 46 行.

[ 2016-04-16T16:41:38+08:00 ] 127.0.0.1 /zjw/index.php/Bzjgl/Jsfadmin/ld1
INFO: [ app_begin ] --START--
INFO: Run Behavior\ReadHtmlCacheBehavior [ RunTime:0.003502s ]
INFO: Run Behavior\CheckLangBehavior [ RunTime:0.006280s ]
INFO: [ app_begin ] --END-- [ RunTime:0.011134s ]
SQL: SHOW COLUMNS FROM `sp_users` [ RunTime:0.0063s ]
SQL: SELECT * FROM `sp_users` WHERE ( id=1 ) LIMIT 1   [ RunTime:0.0006s ]
SQL: SHOW COLUMNS FROM `sp_projectsbd` [ RunTime:0.0051s ]
SQL: SELECT `id`,`bdmc` FROM `sp_projectsbd` WHERE `projectid` = 21  [ RunTime:0.0005s ]
NOTIC: [8] Array to string conversion F:\wamp\www\zjw\application\Bzjgl\Controller\JsfadminController.class.php 第 89 行.
NOTIC: [8] Undefined variable: id F:\wamp\www\zjw\application\Bzjgl\Controller\JsfadminController.class.php 第 91 行.
NOTIC: [2] Illegal string offset 'url' F:\wamp\www\zjw\application\Common\Controller\AppframeController.class.php 第 45 行.
NOTIC: [2] Illegal string offset 'url' F:\wamp\www\zjw\application\Common\Controller\AppframeController.class.php 第 45 行.
NOTIC: [2] Illegal string offset 'referer' F:\wamp\www\zjw\application\Common\Controller\AppframeController.class.php 第 45 行.
NOTIC: [2] Illegal string offset 'status' F:\wamp\www\zjw\application\Common\Controller\AppframeController.class.php 第 46 行.
NOTIC: [2] Illegal string offset 'state' F:\wamp\www\zjw\application\Common\Controller\AppframeController.class.php 第 46 行.

[ 2016-04-16T16:43:50+08:00 ] 127.0.0.1 /zjw/index.php/Bzjgl/Jsfadmin/ld2
INFO: [ app_begin ] --START--
INFO: Run Behavior\ReadHtmlCacheBehavior [ RunTime:0.002550s ]
INFO: Run Behavior\CheckLangBehavior [ RunTime:0.005291s ]
INFO: [ app_begin ] --END-- [ RunTime:0.009315s ]
SQL: SHOW COLUMNS FROM `sp_users` [ RunTime:0.0055s ]
SQL: SELECT * FROM `sp_users` WHERE ( id=1 ) LIMIT 1   [ RunTime:0.0006s ]
SQL: SHOW COLUMNS FROM `sp_projectsbd` [ RunTime:0.0072s ]
SQL: SELECT * FROM `sp_projectsbd` WHERE `bdmc` = '标段2'  [ RunTime:0.0006s ]
NOTIC: [8] Array to string conversion F:\wamp\www\zjw\application\Bzjgl\Controller\JsfadminController.class.php 第 125 行.
NOTIC: [2] Illegal string offset 'url' F:\wamp\www\zjw\application\Common\Controller\AppframeController.class.php 第 45 行.
NOTIC: [2] Illegal string offset 'url' F:\wamp\www\zjw\application\Common\Controller\AppframeController.class.php 第 45 行.
NOTIC: [2] Illegal string offset 'referer' F:\wamp\www\zjw\application\Common\Controller\AppframeController.class.php 第 45 行.
NOTIC: [2] Illegal string offset 'status' F:\wamp\www\zjw\application\Common\Controller\AppframeController.class.php 第 46 行.
NOTIC: [2] Illegal string offset 'state' F:\wamp\www\zjw\application\Common\Controller\AppframeController.class.php 第 46 行.

[ 2016-04-16T16:43:52+08:00 ] 127.0.0.1 /zjw/index.php/Bzjgl/Jsfadmin/ld1
INFO: [ app_begin ] --START--
INFO: Run Behavior\ReadHtmlCacheBehavior [ RunTime:0.002848s ]
INFO: Run Behavior\CheckLangBehavior [ RunTime:0.008020s ]
INFO: [ app_begin ] --END-- [ RunTime:0.012685s ]
SQL: SHOW COLUMNS FROM `sp_users` [ RunTime:0.0057s ]
SQL: SELECT * FROM `sp_users` WHERE ( id=1 ) LIMIT 1   [ RunTime:0.0006s ]
SQL: SHOW COLUMNS FROM `sp_projectsbd` [ RunTime:0.0064s ]
SQL: SELECT `id`,`bdmc` FROM `sp_projectsbd` WHERE `projectid` = 6  [ RunTime:0.0005s ]
NOTIC: [8] Undefined index: url F:\wamp\www\zjw\application\Common\Controller\AppframeController.class.php 第 45 行.
NOTIC: [8] Undefined index: status F:\wamp\www\zjw\application\Common\Controller\AppframeController.class.php 第 46 行.

[ 2016-04-16T16:43:54+08:00 ] 127.0.0.1 /zjw/index.php/Bzjgl/Jsfadmin/ld1
INFO: [ app_begin ] --START--
INFO: Run Behavior\ReadHtmlCacheBehavior [ RunTime:0.002875s ]
INFO: Run Behavior\CheckLangBehavior [ RunTime:0.004163s ]
INFO: [ app_begin ] --END-- [ RunTime:0.008398s ]
SQL: SHOW COLUMNS FROM `sp_users` [ RunTime:0.0076s ]
SQL: SELECT * FROM `sp_users` WHERE ( id=1 ) LIMIT 1   [ RunTime:0.0010s ]
SQL: SHOW COLUMNS FROM `sp_projectsbd` [ RunTime:0.0069s ]
SQL: SELECT `id`,`bdmc` FROM `sp_projectsbd` WHERE `projectid` = 24  [ RunTime:0.0005s ]
NOTIC: [8] Array to string conversion F:\wamp\www\zjw\application\Bzjgl\Controller\JsfadminController.class.php 第 101 行.
NOTIC: [8] Undefined variable: id F:\wamp\www\zjw\application\Bzjgl\Controller\JsfadminController.class.php 第 102 行.
NOTIC: [8] Undefined variable: id F:\wamp\www\zjw\application\Bzjgl\Controller\JsfadminController.class.php 第 102 行.
NOTIC: [8] Undefined variable: id F:\wamp\www\zjw\application\Bzjgl\Controller\JsfadminController.class.php 第 102 行.
NOTIC: [8] Undefined variable: id F:\wamp\www\zjw\application\Bzjgl\Controller\JsfadminController.class.php 第 102 行.
NOTIC: [2] Illegal string offset 'url' F:\wamp\www\zjw\application\Common\Controller\AppframeController.class.php 第 45 行.
NOTIC: [2] Illegal string offset 'url' F:\wamp\www\zjw\application\Common\Controller\AppframeController.class.php 第 45 行.
NOTIC: [2] Illegal string offset 'referer' F:\wamp\www\zjw\application\Common\Controller\AppframeController.class.php 第 45 行.
NOTIC: [2] Illegal string offset 'status' F:\wamp\www\zjw\application\Common\Controller\AppframeController.class.php 第 46 行.
NOTIC: [2] Illegal string offset 'state' F:\wamp\www\zjw\application\Common\Controller\AppframeController.class.php 第 46 行.

[ 2016-04-16T16:43:56+08:00 ] 127.0.0.1 /zjw/index.php/Bzjgl/Jsfadmin/ld2
INFO: [ app_begin ] --START--
INFO: Run Behavior\ReadHtmlCacheBehavior [ RunTime:0.003497s ]
INFO: Run Behavior\CheckLangBehavior [ RunTime:0.004611s ]
INFO: [ app_begin ] --END-- [ RunTime:0.010587s ]
SQL: SHOW COLUMNS FROM `sp_users` [ RunTime:0.0066s ]
SQL: SELECT * FROM `sp_users` WHERE ( id=1 ) LIMIT 1   [ RunTime:0.0006s ]
SQL: SHOW COLUMNS FROM `sp_projectsbd` [ RunTime:0.0047s ]
SQL: SELECT * FROM `sp_projectsbd` WHERE `bdmc` = '1212121'  [ RunTime:0.0005s ]
NOTIC: [8] Array to string conversion F:\wamp\www\zjw\application\Bzjgl\Controller\JsfadminController.class.php 第 125 行.
NOTIC: [2] Illegal string offset 'url' F:\wamp\www\zjw\application\Common\Controller\AppframeController.class.php 第 45 行.
NOTIC: [2] Illegal string offset 'url' F:\wamp\www\zjw\application\Common\Controller\AppframeController.class.php 第 45 行.
NOTIC: [2] Illegal string offset 'referer' F:\wamp\www\zjw\application\Common\Controller\AppframeController.class.php 第 45 行.
NOTIC: [2] Illegal string offset 'status' F:\wamp\www\zjw\application\Common\Controller\AppframeController.class.php 第 46 行.
NOTIC: [2] Illegal string offset 'state' F:\wamp\www\zjw\application\Common\Controller\AppframeController.class.php 第 46 行.

