[ 2016-02-29T11:21:16+08:00 ] ::1 /lcservice/index.php?g=Portal&m=AdminPost&a=index&menuid=7
NOTIC: D方法实例化没找到模型类Portal\Model\PostsModel

[ 2016-02-29T11:21:21+08:00 ] ::1 /lcservice/index.php?g=&m=AdminPost&a=add&term=
NOTIC: D方法实例化没找到模型类Portal\Model\PostsModel

[ 2016-02-29T11:21:35+08:00 ] ::1 /lcservice/index.php?g=Portal&m=AdminPage&a=index&menuid=25
NOTIC: D方法实例化没找到模型类Common\Model\PostsModel

[ 2016-02-29T21:03:26+08:00 ] ::1 /lcservice/U('register/index')
ERR: 无法加载控制器:U('register

[ 2016-02-29T21:05:50+08:00 ] ::1 /lcservice/U('Register/index')
ERR: 无法加载控制器:U('Register

[ 2016-02-29T21:07:07+08:00 ] ::1 /lcservice/U%28'Register/index'%29
ERR: 无法加载控制器:U('Register

[ 2016-02-29T21:08:48+08:00 ] ::1 /lcservice/index.php?g=portal&m=AdminPost&a=index
NOTIC: D方法实例化没找到模型类Portal\Model\PostsModel

[ 2016-02-29T21:08:56+08:00 ] ::1 /lcservice/index.php?g=&m=AdminPost&a=add&term=
NOTIC: D方法实例化没找到模型类Portal\Model\PostsModel

[ 2016-02-29T21:19:19+08:00 ] ::1 /lcservice/U('Register/index')
ERR: 无法加载控制器:U('Register

[ 2016-02-29T21:20:06+08:00 ] ::1 /lcservice/U('Register/index')
ERR: 无法加载控制器:U('Register

[ 2016-02-29T21:20:07+08:00 ] ::1 /lcservice/U('Register/index')
ERR: 无法加载控制器:U('Register

[ 2016-02-29T21:20:30+08:00 ] ::1 /lcservice/U('Register/index')
ERR: 无法加载控制器:U('Register

[ 2016-02-29T21:20:43+08:00 ] ::1 /lcservice/U('Register/index')
ERR: 无法加载控制器:U('Register

[ 2016-02-29T21:20:56+08:00 ] ::1 /lcservice/U('Register/index')
ERR: 无法加载控制器:U('Register

[ 2016-02-29T21:25:24+08:00 ] ::1 /lcservice/U('Register/Index/index')
ERR: 无法加载控制器:U('Register

[ 2016-02-29T21:36:01+08:00 ] ::1 /lcservice/index.php/Register/Index/hello
ERR: 无法加载控制器:Register

[ 2016-02-29T21:36:07+08:00 ] ::1 /lcservice/index.php/Register/Index/index
ERR: 无法加载控制器:Register

[ 2016-02-29T21:36:09+08:00 ] ::1 /lcservice/index.php/Register/Index/index
ERR: 无法加载控制器:Register

[ 2016-02-29T21:36:10+08:00 ] ::1 /lcservice/index.php/Register/Index/index
ERR: 无法加载控制器:Register

[ 2016-02-29T21:36:11+08:00 ] ::1 /lcservice/index.php/Register/Index/index
ERR: 无法加载控制器:Register

[ 2016-02-29T21:36:11+08:00 ] ::1 /lcservice/index.php/Register/Index/index
ERR: 无法加载控制器:Register

[ 2016-02-29T21:36:12+08:00 ] ::1 /lcservice/index.php/Register/Index/index
ERR: 无法加载控制器:Register

[ 2016-02-29T21:36:20+08:00 ] ::1 /lcservice/Register/Index/index
ERR: 无法加载控制器:Register

[ 2016-02-29T21:36:21+08:00 ] ::1 /lcservice/Register/Index/index
ERR: 无法加载控制器:Register

[ 2016-02-29T21:36:22+08:00 ] ::1 /lcservice/Register/Index/index
ERR: 无法加载控制器:Register

[ 2016-02-29T21:36:22+08:00 ] ::1 /lcservice/Register/Index/index
ERR: 无法加载控制器:Register

[ 2016-02-29T21:36:23+08:00 ] ::1 /lcservice/Register/Index/index
ERR: 无法加载控制器:Register

[ 2016-02-29T21:36:24+08:00 ] ::1 /lcservice/Register/Index/index
ERR: 无法加载控制器:Register

[ 2016-02-29T21:41:38+08:00 ] ::1 /lcservice/Registerl/Index/index
ERR: 无法加载控制器:Registerl

[ 2016-02-29T21:47:13+08:00 ] ::1 /lcservice/registerl/Index/index
ERR: 无法加载控制器:Registerl

[ 2016-02-29T21:47:15+08:00 ] ::1 /lcservice/registerl/Index/index
ERR: 无法加载控制器:Registerl

[ 2016-02-29T21:47:16+08:00 ] ::1 /lcservice/registerl/Index/index
ERR: 无法加载控制器:Registerl

[ 2016-02-29T22:08:27+08:00 ] ::1 /lcservice/index.php?g=&m=Regist&a=index
ERR: 无法加载控制器:Regist

