[ 2016-03-04T20:02:31+08:00 ] ::1 /lcservice/js/jquery-2.1.1/jquery.js
ERR: 无法加载控制器:Js

[ 2016-03-04T20:02:31+08:00 ] ::1 /lcservice/js/bootstrap.min.js
ERR: 无法加载控制器:Js

[ 2016-03-04T20:02:37+08:00 ] ::1 /lcservice/js/jquery-2.1.1/jquery.js
ERR: 无法加载控制器:Js

[ 2016-03-04T20:02:37+08:00 ] ::1 /lcservice/js/bootstrap.min.js
ERR: 无法加载控制器:Js

[ 2016-03-04T20:02:42+08:00 ] ::1 /lcservice/js/bootstrap.min.js
ERR: 无法加载控制器:Js

[ 2016-03-04T20:02:42+08:00 ] ::1 /lcservice/js/jquery-2.1.1/jquery.js
ERR: 无法加载控制器:Js

[ 2016-03-04T20:02:46+08:00 ] ::1 /lcservice/js/bootstrap.min.js
ERR: 无法加载控制器:Js

[ 2016-03-04T20:02:46+08:00 ] ::1 /lcservice/js/jquery-2.1.1/jquery.js
ERR: 无法加载控制器:Js

[ 2016-03-04T20:02:51+08:00 ] ::1 /lcservice/js/bootstrap.min.js
ERR: 无法加载控制器:Js

[ 2016-03-04T20:02:51+08:00 ] ::1 /lcservice/js/jquery-2.1.1/jquery.js
ERR: 无法加载控制器:Js

[ 2016-03-04T20:03:10+08:00 ] ::1 /lcservice/js/bootstrap.min.js
ERR: 无法加载控制器:Js

[ 2016-03-04T20:03:10+08:00 ] ::1 /lcservice/js/jquery-2.1.1/jquery.js
ERR: 无法加载控制器:Js

[ 2016-03-04T20:03:14+08:00 ] ::1 /lcservice/js/bootstrap.min.js
ERR: 无法加载控制器:Js

[ 2016-03-04T20:03:14+08:00 ] ::1 /lcservice/js/jquery-2.1.1/jquery.js
ERR: 无法加载控制器:Js

[ 2016-03-04T20:03:20+08:00 ] ::1 /lcservice/js/bootstrap.min.js
ERR: 无法加载控制器:Js

[ 2016-03-04T20:03:20+08:00 ] ::1 /lcservice/js/jquery-2.1.1/jquery.js
ERR: 无法加载控制器:Js

[ 2016-03-04T20:03:59+08:00 ] ::1 /lcservice/themes/simplebootx/Public/fonts/glyphicons-halflings-regular.woff2
ERR: 无法加载控制器:Themes

[ 2016-03-04T20:03:59+08:00 ] ::1 /lcservice/themes/simplebootx/Public/fonts/glyphicons-halflings-regular.woff
ERR: 无法加载控制器:Themes

[ 2016-03-04T20:03:59+08:00 ] ::1 /lcservice/themes/simplebootx/Public/fonts/glyphicons-halflings-regular.ttf
ERR: 无法加载控制器:Themes

[ 2016-03-04T20:04:29+08:00 ] ::1 /lcservice/themes/simplebootx/Public/fonts/glyphicons-halflings-regular.woff2
ERR: 无法加载控制器:Themes

[ 2016-03-04T20:04:29+08:00 ] ::1 /lcservice/themes/simplebootx/Public/fonts/glyphicons-halflings-regular.woff
ERR: 无法加载控制器:Themes

[ 2016-03-04T20:04:29+08:00 ] ::1 /lcservice/themes/simplebootx/Public/fonts/glyphicons-halflings-regular.ttf
ERR: 无法加载控制器:Themes

