[ 2016-03-01T21:15:46+08:00 ] ::1 /lcservice/themes/simplebootx/Public/assets/css/amazeui.min.css
ERR: 无法加载控制器:Themes

[ 2016-03-01T21:15:46+08:00 ] ::1 /lcservice/themes/simplebootx/Public/assets/css/admin.css
ERR: 无法加载控制器:Themes

[ 2016-03-01T21:15:46+08:00 ] ::1 /lcservice/themes/simplebootx/Public/assets/js/jquery.min.js
ERR: 无法加载控制器:Themes

[ 2016-03-01T21:15:46+08:00 ] ::1 /lcservice/themes/simplebootx/Public/assets/js/app.js
ERR: 无法加载控制器:Themes

[ 2016-03-01T21:15:46+08:00 ] ::1 /lcservice/themes/simplebootx/Public/assets/js/amazeui.min.js
ERR: 无法加载控制器:Themes

[ 2016-03-01T21:15:46+08:00 ] ::1 /lcservice/themes/simplebootx/Public/assets/js/amazeui.min.js
ERR: 无法加载控制器:Themes

[ 2016-03-01T21:15:46+08:00 ] ::1 /lcservice/themes/simplebootx/Public/assets/js/app.js
ERR: 无法加载控制器:Themes

[ 2016-03-01T21:15:47+08:00 ] ::1 /lcservice/themes/simplebootx/Public/assets/css/amazeui.min.css
ERR: 无法加载控制器:Themes

[ 2016-03-01T21:15:47+08:00 ] ::1 /lcservice/themes/simplebootx/Public/assets/js/amazeui.min.js
ERR: 无法加载控制器:Themes

[ 2016-03-01T21:15:47+08:00 ] ::1 /lcservice/themes/simplebootx/Public/assets/js/jquery.min.js
ERR: 无法加载控制器:Themes

[ 2016-03-01T21:15:47+08:00 ] ::1 /lcservice/themes/simplebootx/Public/assets/css/admin.css
ERR: 无法加载控制器:Themes

[ 2016-03-01T21:15:47+08:00 ] ::1 /lcservice/themes/simplebootx/Public/assets/js/app.js
ERR: 无法加载控制器:Themes

[ 2016-03-01T21:15:47+08:00 ] ::1 /lcservice/themes/simplebootx/Public/assets/js/amazeui.min.js
ERR: 无法加载控制器:Themes

[ 2016-03-01T21:15:47+08:00 ] ::1 /lcservice/themes/simplebootx/Public/assets/js/app.js
ERR: 无法加载控制器:Themes

[ 2016-03-01T21:15:48+08:00 ] ::1 /lcservice/themes/simplebootx/Public/assets/css/amazeui.min.css
ERR: 无法加载控制器:Themes

[ 2016-03-01T21:15:48+08:00 ] ::1 /lcservice/themes/simplebootx/Public/assets/js/amazeui.min.js
ERR: 无法加载控制器:Themes

[ 2016-03-01T21:15:48+08:00 ] ::1 /lcservice/themes/simplebootx/Public/assets/css/admin.css
ERR: 无法加载控制器:Themes

[ 2016-03-01T21:15:48+08:00 ] ::1 /lcservice/themes/simplebootx/Public/assets/js/jquery.min.js
ERR: 无法加载控制器:Themes

[ 2016-03-01T21:15:48+08:00 ] ::1 /lcservice/themes/simplebootx/Public/assets/js/app.js
ERR: 无法加载控制器:Themes

[ 2016-03-01T21:15:48+08:00 ] ::1 /lcservice/themes/simplebootx/Public/assets/js/amazeui.min.js
ERR: 无法加载控制器:Themes

[ 2016-03-01T21:15:48+08:00 ] ::1 /lcservice/themes/simplebootx/Public/assets/js/app.js
ERR: 无法加载控制器:Themes

[ 2016-03-01T21:16:33+08:00 ] ::1 /lcservice/themes/simplebootx/Public/assets/css/amazeui.min.css
ERR: 无法加载控制器:Themes

[ 2016-03-01T21:16:33+08:00 ] ::1 /lcservice/themes/simplebootx/Public/assets/css/admin.css
ERR: 无法加载控制器:Themes

[ 2016-03-01T21:16:33+08:00 ] ::1 /lcservice/themes/simplebootx/Public/assets/js/app.js
ERR: 无法加载控制器:Themes

[ 2016-03-01T21:16:33+08:00 ] ::1 /lcservice/themes/simplebootx/Public/assets/js/jquery.min.js
ERR: 无法加载控制器:Themes

[ 2016-03-01T21:16:33+08:00 ] ::1 /lcservice/themes/simplebootx/Public/assets/js/amazeui.min.js
ERR: 无法加载控制器:Themes

[ 2016-03-01T21:16:33+08:00 ] ::1 /lcservice/themes/simplebootx/Public/assets/js/app.js
ERR: 无法加载控制器:Themes

[ 2016-03-01T21:16:34+08:00 ] ::1 /lcservice/themes/simplebootx/Public/assets/css/amazeui.min.css
ERR: 无法加载控制器:Themes

[ 2016-03-01T21:16:34+08:00 ] ::1 /lcservice/themes/simplebootx/Public/assets/css/admin.css
ERR: 无法加载控制器:Themes

[ 2016-03-01T21:16:34+08:00 ] ::1 /lcservice/themes/simplebootx/Public/assets/js/jquery.min.js
ERR: 无法加载控制器:Themes

[ 2016-03-01T21:16:34+08:00 ] ::1 /lcservice/themes/simplebootx/Public/assets/js/amazeui.min.js
ERR: 无法加载控制器:Themes

[ 2016-03-01T21:16:34+08:00 ] ::1 /lcservice/themes/simplebootx/Public/assets/js/app.js
ERR: 无法加载控制器:Themes

[ 2016-03-01T21:16:34+08:00 ] ::1 /lcservice/themes/simplebootx/Public/assets/js/amazeui.min.js
ERR: 无法加载控制器:Themes

[ 2016-03-01T21:16:34+08:00 ] ::1 /lcservice/themes/simplebootx/Public/assets/js/app.js
ERR: 无法加载控制器:Themes

[ 2016-03-01T21:16:35+08:00 ] ::1 /lcservice/themes/simplebootx/Public/assets/js/jquery.min.js
ERR: 无法加载控制器:Themes

[ 2016-03-01T21:16:35+08:00 ] ::1 /lcservice/themes/simplebootx/Public/assets/js/amazeui.min.js
ERR: 无法加载控制器:Themes

[ 2016-03-01T21:16:35+08:00 ] ::1 /lcservice/themes/simplebootx/Public/assets/js/app.js
ERR: 无法加载控制器:Themes

[ 2016-03-01T21:16:35+08:00 ] ::1 /lcservice/themes/simplebootx/Public/assets/css/amazeui.min.css
ERR: 无法加载控制器:Themes

[ 2016-03-01T21:16:35+08:00 ] ::1 /lcservice/themes/simplebootx/Public/assets/css/admin.css
ERR: 无法加载控制器:Themes

[ 2016-03-01T21:16:36+08:00 ] ::1 /lcservice/themes/simplebootx/Public/assets/js/amazeui.min.js
ERR: 无法加载控制器:Themes

[ 2016-03-01T21:16:36+08:00 ] ::1 /lcservice/themes/simplebootx/Public/assets/js/app.js
ERR: 无法加载控制器:Themes

[ 2016-03-01T21:16:36+08:00 ] ::1 /lcservice/themes/simplebootx/Public/assets/css/admin.css
ERR: 无法加载控制器:Themes

[ 2016-03-01T21:16:36+08:00 ] ::1 /lcservice/themes/simplebootx/Public/assets/css/amazeui.min.css
ERR: 无法加载控制器:Themes

[ 2016-03-01T21:16:36+08:00 ] ::1 /lcservice/themes/simplebootx/Public/assets/js/jquery.min.js
ERR: 无法加载控制器:Themes

[ 2016-03-01T21:16:36+08:00 ] ::1 /lcservice/themes/simplebootx/Public/assets/js/amazeui.min.js
ERR: 无法加载控制器:Themes

[ 2016-03-01T21:16:36+08:00 ] ::1 /lcservice/themes/simplebootx/Public/assets/js/app.js
ERR: 无法加载控制器:Themes

[ 2016-03-01T21:16:36+08:00 ] ::1 /lcservice/themes/simplebootx/Public/assets/css/amazeui.min.css
ERR: 无法加载控制器:Themes

[ 2016-03-01T21:16:36+08:00 ] ::1 /lcservice/themes/simplebootx/Public/assets/js/app.js
ERR: 无法加载控制器:Themes

[ 2016-03-01T21:16:36+08:00 ] ::1 /lcservice/themes/simplebootx/Public/assets/js/jquery.min.js
ERR: 无法加载控制器:Themes

[ 2016-03-01T21:16:36+08:00 ] ::1 /lcservice/themes/simplebootx/Public/assets/js/amazeui.min.js
ERR: 无法加载控制器:Themes

[ 2016-03-01T21:16:36+08:00 ] ::1 /lcservice/themes/simplebootx/Public/assets/css/admin.css
ERR: 无法加载控制器:Themes

[ 2016-03-01T21:16:36+08:00 ] ::1 /lcservice/themes/simplebootx/Public/assets/js/app.js
ERR: 无法加载控制器:Themes

[ 2016-03-01T21:16:37+08:00 ] ::1 /lcservice/themes/simplebootx/Public/assets/js/amazeui.min.js
ERR: 无法加载控制器:Themes

[ 2016-03-01T21:16:37+08:00 ] ::1 /lcservice/themes/simplebootx/Public/assets/css/amazeui.min.css
ERR: 无法加载控制器:Themes

[ 2016-03-01T21:16:37+08:00 ] ::1 /lcservice/themes/simplebootx/Public/assets/js/app.js
ERR: 无法加载控制器:Themes

[ 2016-03-01T21:16:37+08:00 ] ::1 /lcservice/themes/simplebootx/Public/assets/css/admin.css
ERR: 无法加载控制器:Themes

[ 2016-03-01T21:16:37+08:00 ] ::1 /lcservice/themes/simplebootx/Public/assets/js/jquery.min.js
ERR: 无法加载控制器:Themes

[ 2016-03-01T21:16:37+08:00 ] ::1 /lcservice/themes/simplebootx/Public/assets/js/amazeui.min.js
ERR: 无法加载控制器:Themes

[ 2016-03-01T21:16:37+08:00 ] ::1 /lcservice/themes/simplebootx/Public/assets/js/app.js
ERR: 无法加载控制器:Themes

[ 2016-03-01T21:16:37+08:00 ] ::1 /lcservice/themes/simplebootx/Public/assets/css/amazeui.min.css
ERR: 无法加载控制器:Themes

[ 2016-03-01T21:16:37+08:00 ] ::1 /lcservice/themes/simplebootx/Public/assets/js/jquery.min.js
ERR: 无法加载控制器:Themes

[ 2016-03-01T21:16:37+08:00 ] ::1 /lcservice/themes/simplebootx/Public/assets/js/app.js
ERR: 无法加载控制器:Themes

[ 2016-03-01T21:16:37+08:00 ] ::1 /lcservice/themes/simplebootx/Public/assets/css/admin.css
ERR: 无法加载控制器:Themes

[ 2016-03-01T21:16:37+08:00 ] ::1 /lcservice/themes/simplebootx/Public/assets/js/amazeui.min.js
ERR: 无法加载控制器:Themes

[ 2016-03-01T21:16:37+08:00 ] ::1 /lcservice/themes/simplebootx/Public/assets/js/app.js
ERR: 无法加载控制器:Themes

[ 2016-03-01T21:16:43+08:00 ] ::1 /lcservice/themes/simplebootx/Public/assets/css/admin.css
ERR: 无法加载控制器:Themes

[ 2016-03-01T21:16:43+08:00 ] ::1 /lcservice/themes/simplebootx/Public/assets/js/jquery.min.js
ERR: 无法加载控制器:Themes

[ 2016-03-01T21:16:43+08:00 ] ::1 /lcservice/themes/simplebootx/Public/assets/css/amazeui.min.css
ERR: 无法加载控制器:Themes

[ 2016-03-01T21:16:43+08:00 ] ::1 /lcservice/themes/simplebootx/Public/assets/js/app.js
ERR: 无法加载控制器:Themes

[ 2016-03-01T21:16:43+08:00 ] ::1 /lcservice/themes/simplebootx/Public/assets/js/amazeui.min.js
ERR: 无法加载控制器:Themes

[ 2016-03-01T21:16:43+08:00 ] ::1 /lcservice/themes/simplebootx/Public/assets/js/app.js
ERR: 无法加载控制器:Themes

[ 2016-03-01T21:24:42+08:00 ] ::1 /lcservice/admin-user.html
ERR: 无法加载控制器:Admin-user

[ 2016-03-01T21:58:35+08:00 ] ::1 /lcservice/admin-user.html
ERR: 无法加载控制器:Admin-user

