[ 2016-01-29T20:08:33+08:00 ] 127.0.0.1 /cmf/index.php?g=Admin&m=setting&a=site_post
INFO: [ app_begin ] --START--
INFO: Run Behavior\ReadHtmlCacheBehavior [ RunTime:0.000000s ]
INFO: Run Behavior\CheckLangBehavior [ RunTime:0.000000s ]
INFO: [ app_begin ] --END-- [ RunTime:0.000000s ]
SQL: SHOW COLUMNS FROM `cmf_users` [ RunTime:0.0100s ]
SQL: SELECT * FROM `cmf_users` WHERE ( id=1 ) LIMIT 1   [ RunTime:0.0000s ]
SQL: SHOW COLUMNS FROM `cmf_options` [ RunTime:0.0000s ]
SQL: SELECT * FROM `cmf_options` WHERE ( option_name='site_options' ) LIMIT 1   [ RunTime:0.0000s ]
SQL: UPDATE `cmf_options` SET `option_id`='2',`option_name`='site_options',`option_value`='{\"site_name\":\"\\u804a\\u57ce\\u4e2d\\u5c0f\\u4f01\\u4e1a\\u670d\\u52a1\\u4e2d\\u5fc3\",\"site_host\":\"http:\\/\\/127.0.0.1\\/\",\"site_admin_url_password\":\"\",\"site_tpl\":\"demo\",\"mobile_tpl_enabled\":\"1\",\"site_adminstyle\":\"bluesky\",\"site_icp\":\"\",\"site_admin_email\":\"1003270759@qq.com\",\"site_tongji\":\"\",\"site_copyright\":\"\\u804a\\u57ce\\u4e2d\\u5c0f\\u4f01\\u4e1a\\u670d\\u52a1\\u4e2d\\u5fc3 2015-2010 \\u7248\\u6743\\u6240\\u6709 \\u804a\\u57ce\\u4e2d\\u5c0f\\u4f01\\u4e1a\\u670d\\u52a1\\u4e2d\\u5fc3 \\u4e3b\\u529e\",\"site_seo_title\":\"\\u804a\\u57ce\\u4e2d\\u5c0f\\u4f01\\u4e1a\\u670d\\u52a1\\u4e2d\\u5fc3\",\"site_seo_keywords\":\"\",\"site_seo_description\":\"\",\"urlmode\":\"0\",\"html_suffix\":\"\",\"comment_time_interval\":60}' WHERE ( option_name='site_options' ) [ RunTime:0.0000s ]
SQL: SHOW COLUMNS FROM `cmf_options` [ RunTime:0.0100s ]
SQL: SELECT * FROM `cmf_options` WHERE ( option_name='cmf_settings' ) LIMIT 1   [ RunTime:0.0000s ]
SQL: UPDATE `cmf_options` SET `option_name`='cmf_settings',`option_value`='{\"banned_usernames\":\"\"}' WHERE ( option_name='cmf_settings' ) [ RunTime:0.0000s ]

[ 2016-01-29T20:08:56+08:00 ] 127.0.0.1 /cmf/index.php?g=Admin&m=route&a=index
NOTIC: D方法实例化没找到模型类Common\Model\RouteModel

[ 2016-01-29T20:36:53+08:00 ] 127.0.0.1 /cmf/index.php?g=Admin&m=public&a=dologin
INFO: [ app_begin ] --START--
INFO: Run Behavior\ReadHtmlCacheBehavior [ RunTime:0.000000s ]
INFO: Run Behavior\CheckLangBehavior [ RunTime:0.000000s ]
INFO: [ app_begin ] --END-- [ RunTime:0.010000s ]
SQL: SHOW COLUMNS FROM `cmf_users` [ RunTime:0.0000s ]
SQL: SELECT * FROM `cmf_users` WHERE `user_email` = '1003270759@qq.com' LIMIT 1   [ RunTime:0.0000s ]

[ 2016-01-29T20:37:12+08:00 ] 127.0.0.1 /cmf/index.php?g=Admin&m=public&a=dologin
INFO: [ app_begin ] --START--
INFO: Run Behavior\ReadHtmlCacheBehavior [ RunTime:0.000000s ]
INFO: Run Behavior\CheckLangBehavior [ RunTime:0.010000s ]
INFO: [ app_begin ] --END-- [ RunTime:0.010000s ]
SQL: SHOW COLUMNS FROM `cmf_users` [ RunTime:0.0100s ]
SQL: SELECT * FROM `cmf_users` WHERE `user_email` = '1003270759@qq.com' LIMIT 1   [ RunTime:0.0000s ]
SQL: SHOW COLUMNS FROM `cmf_role_user` [ RunTime:0.0300s ]
SQL: SELECT `role_id` FROM cmf_role_user a INNER JOIN cmf_role as b on a.role_id =b.id  WHERE `user_id` = '1' AND `status` = 1  [ RunTime:0.0300s ]
SQL: UPDATE `cmf_users` SET `user_login`='admin',`user_pass`='###9498f252f9674c06b25a963b1f220793',`user_nicename`='admin',`user_email`='1003270759@qq.com',`user_url`='',`avatar`=NULL,`sex`='0',`birthday`=NULL,`signature`=NULL,`last_login_ip`='127.0.0.1',`last_login_time`='2016-01-29 20:37:12',`create_time`='2016-01-10 09:24:57',`user_activation_key`='',`user_status`='1',`score`='0',`user_type`='1',`coin`='0',`mobile`='' WHERE `id` = '1' [ RunTime:0.0100s ]

