[ 2016-03-07T08:22:45+08:00 ] ::1 /cmf/index.php?g=Admin&m=public&a=dologin
INFO: [ app_begin ] --START--
INFO: Run Behavior\ReadHtmlCacheBehavior [ RunTime:0.000000s ]
INFO: Run Behavior\CheckLangBehavior [ RunTime:0.000000s ]
INFO: [ app_begin ] --END-- [ RunTime:0.000000s ]
SQL: SHOW COLUMNS FROM `cmf_users` [ RunTime:0.0100s ]
SQL: SELECT * FROM `cmf_users` WHERE `user_login` = 'admin' LIMIT 1   [ RunTime:0.0000s ]

[ 2016-03-07T08:22:54+08:00 ] ::1 /cmf/index.php?g=Admin&m=public&a=dologin
INFO: [ app_begin ] --START--
INFO: Run Behavior\ReadHtmlCacheBehavior [ RunTime:0.000000s ]
INFO: Run Behavior\CheckLangBehavior [ RunTime:0.000000s ]
INFO: [ app_begin ] --END-- [ RunTime:0.000000s ]

[ 2016-03-07T08:23:01+08:00 ] ::1 /cmf/index.php?g=Admin&m=public&a=dologin
INFO: [ app_begin ] --START--
INFO: Run Behavior\ReadHtmlCacheBehavior [ RunTime:0.000000s ]
INFO: Run Behavior\CheckLangBehavior [ RunTime:0.000000s ]
INFO: [ app_begin ] --END-- [ RunTime:0.000000s ]
SQL: SHOW COLUMNS FROM `cmf_users` [ RunTime:0.0100s ]
SQL: SELECT * FROM `cmf_users` WHERE `user_login` = 'admin' LIMIT 1   [ RunTime:0.0000s ]

[ 2016-03-07T08:23:11+08:00 ] ::1 /cmf/index.php?g=Admin&m=public&a=dologin
INFO: [ app_begin ] --START--
INFO: Run Behavior\ReadHtmlCacheBehavior [ RunTime:0.000000s ]
INFO: Run Behavior\CheckLangBehavior [ RunTime:0.000000s ]
INFO: [ app_begin ] --END-- [ RunTime:0.000000s ]
SQL: SHOW COLUMNS FROM `cmf_users` [ RunTime:0.0000s ]
SQL: SELECT * FROM `cmf_users` WHERE `user_login` = 'admin' LIMIT 1   [ RunTime:0.0000s ]

[ 2016-03-07T08:23:22+08:00 ] ::1 /cmf/index.php?g=Admin&m=public&a=dologin
INFO: [ app_begin ] --START--
INFO: Run Behavior\ReadHtmlCacheBehavior [ RunTime:0.000000s ]
INFO: Run Behavior\CheckLangBehavior [ RunTime:0.000000s ]
INFO: [ app_begin ] --END-- [ RunTime:0.000000s ]
SQL: SHOW COLUMNS FROM `cmf_users` [ RunTime:0.0000s ]
SQL: SELECT * FROM `cmf_users` WHERE `user_login` = 'admin' LIMIT 1   [ RunTime:0.0000s ]

[ 2016-03-07T08:23:45+08:00 ] ::1 /cmf/index.php?g=Admin&m=public&a=dologin
INFO: [ app_begin ] --START--
INFO: Run Behavior\ReadHtmlCacheBehavior [ RunTime:0.000000s ]
INFO: Run Behavior\CheckLangBehavior [ RunTime:0.000000s ]
INFO: [ app_begin ] --END-- [ RunTime:0.000000s ]
SQL: SHOW COLUMNS FROM `cmf_users` [ RunTime:0.0000s ]
SQL: SELECT * FROM `cmf_users` WHERE `user_login` = 'admin' LIMIT 1   [ RunTime:0.0000s ]

[ 2016-03-07T08:24:18+08:00 ] ::1 /cmf/index.php?g=Admin&m=public&a=dologin
INFO: [ app_begin ] --START--
INFO: Run Behavior\ReadHtmlCacheBehavior [ RunTime:0.000000s ]
INFO: Run Behavior\CheckLangBehavior [ RunTime:0.000000s ]
INFO: [ app_begin ] --END-- [ RunTime:0.000000s ]
SQL: SHOW COLUMNS FROM `cmf_users` [ RunTime:0.0000s ]
SQL: SELECT * FROM `cmf_users` WHERE `user_login` = 'admin' LIMIT 1   [ RunTime:0.0000s ]

[ 2016-03-07T08:24:26+08:00 ] ::1 /cmf/index.php?g=Admin&m=public&a=dologin
INFO: [ app_begin ] --START--
INFO: Run Behavior\ReadHtmlCacheBehavior [ RunTime:0.000000s ]
INFO: Run Behavior\CheckLangBehavior [ RunTime:0.000000s ]
INFO: [ app_begin ] --END-- [ RunTime:0.000000s ]

[ 2016-03-07T08:24:32+08:00 ] ::1 /cmf/index.php?g=Admin&m=public&a=dologin
INFO: [ app_begin ] --START--
INFO: Run Behavior\ReadHtmlCacheBehavior [ RunTime:0.000000s ]
INFO: Run Behavior\CheckLangBehavior [ RunTime:0.000000s ]
INFO: [ app_begin ] --END-- [ RunTime:0.000000s ]

[ 2016-03-07T08:24:40+08:00 ] ::1 /cmf/index.php?g=Admin&m=public&a=dologin
INFO: [ app_begin ] --START--
INFO: Run Behavior\ReadHtmlCacheBehavior [ RunTime:0.000000s ]
INFO: Run Behavior\CheckLangBehavior [ RunTime:0.000000s ]
INFO: [ app_begin ] --END-- [ RunTime:0.000000s ]
SQL: SHOW COLUMNS FROM `cmf_users` [ RunTime:0.0000s ]
SQL: SELECT * FROM `cmf_users` WHERE `user_login` = 'admin' LIMIT 1   [ RunTime:0.0000s ]

[ 2016-03-07T08:24:49+08:00 ] ::1 /cmf/index.php?g=Admin&m=public&a=dologin
INFO: [ app_begin ] --START--
INFO: Run Behavior\ReadHtmlCacheBehavior [ RunTime:0.000000s ]
INFO: Run Behavior\CheckLangBehavior [ RunTime:0.000000s ]
INFO: [ app_begin ] --END-- [ RunTime:0.015600s ]
SQL: SHOW COLUMNS FROM `cmf_users` [ RunTime:0.0000s ]
SQL: SELECT * FROM `cmf_users` WHERE `user_login` = 'admin' LIMIT 1   [ RunTime:0.0000s ]

[ 2016-03-07T08:26:25+08:00 ] ::1 /cmf/index.php?g=Admin&m=public&a=dologin
INFO: [ app_begin ] --START--
INFO: Run Behavior\ReadHtmlCacheBehavior [ RunTime:0.000000s ]
INFO: Run Behavior\CheckLangBehavior [ RunTime:0.000000s ]
INFO: [ app_begin ] --END-- [ RunTime:0.000000s ]
SQL: SHOW COLUMNS FROM `cmf_users` [ RunTime:0.0000s ]
SQL: SELECT * FROM `cmf_users` WHERE `user_login` = 'admin' LIMIT 1   [ RunTime:0.0000s ]

[ 2016-03-07T08:29:57+08:00 ] ::1 /cmf/index.php?g=Admin&m=public&a=dologin
INFO: [ app_begin ] --START--
INFO: Run Behavior\ReadHtmlCacheBehavior [ RunTime:0.000000s ]
INFO: Run Behavior\CheckLangBehavior [ RunTime:0.001000s ]
INFO: [ app_begin ] --END-- [ RunTime:0.002000s ]
SQL: SHOW COLUMNS FROM `cmf_users` [ RunTime:0.0110s ]
SQL: SELECT * FROM `cmf_users` WHERE `user_login` = 'admin' LIMIT 1   [ RunTime:0.0010s ]

[ 2016-03-07T08:30:05+08:00 ] ::1 /cmf/index.php?g=Admin&m=public&a=dologin
INFO: [ app_begin ] --START--
INFO: Run Behavior\ReadHtmlCacheBehavior [ RunTime:0.000000s ]
INFO: Run Behavior\CheckLangBehavior [ RunTime:0.001000s ]
INFO: [ app_begin ] --END-- [ RunTime:0.002000s ]
SQL: SHOW COLUMNS FROM `cmf_users` [ RunTime:0.0090s ]
SQL: SELECT * FROM `cmf_users` WHERE `user_login` = 'admin' LIMIT 1   [ RunTime:0.0000s ]

[ 2016-03-07T08:30:19+08:00 ] ::1 /cmf/index.php?g=Admin&m=public&a=dologin
INFO: [ app_begin ] --START--
INFO: Run Behavior\ReadHtmlCacheBehavior [ RunTime:0.001000s ]
INFO: Run Behavior\CheckLangBehavior [ RunTime:0.000000s ]
INFO: [ app_begin ] --END-- [ RunTime:0.002000s ]
SQL: SHOW COLUMNS FROM `cmf_users` [ RunTime:0.0090s ]
SQL: SELECT * FROM `cmf_users` WHERE `user_login` = 'admin' LIMIT 1   [ RunTime:0.0000s ]

[ 2016-03-07T08:30:26+08:00 ] ::1 /cmf/index.php?g=Admin&m=public&a=dologin
INFO: [ app_begin ] --START--
INFO: Run Behavior\ReadHtmlCacheBehavior [ RunTime:0.001000s ]
INFO: Run Behavior\CheckLangBehavior [ RunTime:0.001000s ]
INFO: [ app_begin ] --END-- [ RunTime:0.003000s ]
SQL: SHOW COLUMNS FROM `cmf_users` [ RunTime:0.0090s ]
SQL: SELECT * FROM `cmf_users` WHERE `user_login` = 'admin' LIMIT 1   [ RunTime:0.0010s ]

[ 2016-03-07T08:34:53+08:00 ] ::1 /cmf/index.php?g=Admin&m=public&a=dologin
INFO: [ app_begin ] --START--
INFO: Run Behavior\ReadHtmlCacheBehavior [ RunTime:0.000000s ]
INFO: Run Behavior\CheckLangBehavior [ RunTime:0.000000s ]
INFO: [ app_begin ] --END-- [ RunTime:0.000000s ]
SQL: SHOW COLUMNS FROM `cmf_users` [ RunTime:0.0100s ]
SQL: SELECT * FROM `cmf_users` WHERE `user_login` = 'admin' LIMIT 1   [ RunTime:0.0000s ]

[ 2016-03-07T08:53:51+08:00 ] ::1 /cmf/index.php?g=Admin&m=public&a=dologin
INFO: [ app_begin ] --START--
INFO: Run Behavior\ReadHtmlCacheBehavior [ RunTime:0.000000s ]
INFO: Run Behavior\CheckLangBehavior [ RunTime:0.000000s ]
INFO: [ app_begin ] --END-- [ RunTime:0.000000s ]
SQL: SHOW COLUMNS FROM `cmf_users` [ RunTime:0.0000s ]
SQL: SELECT * FROM `cmf_users` WHERE `user_login` = 'admin' LIMIT 1   [ RunTime:0.0000s ]
SQL: SHOW COLUMNS FROM `cmf_role_user` [ RunTime:0.0156s ]
SQL: SELECT `role_id` FROM cmf_role_user a INNER JOIN cmf_role as b on a.role_id =b.id  WHERE `user_id` = '1' AND `status` = 1  [ RunTime:0.0000s ]
SQL: UPDATE `cmf_users` SET `user_login`='admin',`user_pass`='###97521501cfc7d934c4c75873cce681f3',`user_nicename`='admin',`user_email`='1003270759@qq.com',`user_url`='',`avatar`=NULL,`sex`='0',`birthday`=NULL,`signature`=NULL,`last_login_ip`='0.0.0.0',`last_login_time`='2016-03-07 08:53:51',`create_time`='2016-01-10 09:24:57',`user_activation_key`='',`user_status`='1',`score`='0',`user_type`='1',`coin`='0',`mobile`='' WHERE `id` = '1' [ RunTime:0.0000s ]

[ 2016-03-07T08:57:06+08:00 ] ::1 /cmf/index.php?g=Admin&m=Menu&a=index&menuid=100
NOTIC: D方法实例化没找到模型类Common\Model\AuthRuleModel

[ 2016-03-07T08:57:16+08:00 ] ::1 /cmf/index.php?g=Admin&m=Menu&a=delete&id=162&menuid=100
INFO: [ app_begin ] --START--
INFO: Run Behavior\ReadHtmlCacheBehavior [ RunTime:0.001000s ]
INFO: Run Behavior\CheckLangBehavior [ RunTime:0.001000s ]
INFO: [ app_begin ] --END-- [ RunTime:0.002000s ]
SQL: SHOW COLUMNS FROM `cmf_users` [ RunTime:0.0080s ]
SQL: SELECT * FROM `cmf_users` WHERE ( id=1 ) LIMIT 1   [ RunTime:0.0010s ]
SQL: SHOW COLUMNS FROM `cmf_menu` [ RunTime:0.0080s ]
NOTIC: D方法实例化没找到模型类Common\Model\AuthRuleModel
SQL: SHOW COLUMNS FROM `cmf_auth_rule` [ RunTime:0.0070s ]
SQL: SELECT COUNT(*) AS tp_count FROM `cmf_menu` WHERE `parentid` = 162 LIMIT 1   [ RunTime:0.0010s ]

[ 2016-03-07T08:57:26+08:00 ] ::1 /cmf/index.php?g=Admin&m=Menu&a=edit&id=164&menuid=100
NOTIC: D方法实例化没找到模型类Common\Model\AuthRuleModel

[ 2016-03-07T08:57:33+08:00 ] ::1 /cmf/index.php?g=Admin&m=Menu&a=edit_post
INFO: [ app_begin ] --START--
INFO: Run Behavior\ReadHtmlCacheBehavior [ RunTime:0.000000s ]
INFO: Run Behavior\CheckLangBehavior [ RunTime:0.002000s ]
INFO: [ app_begin ] --END-- [ RunTime:0.003000s ]
SQL: SHOW COLUMNS FROM `cmf_users` [ RunTime:0.0080s ]
SQL: SELECT * FROM `cmf_users` WHERE ( id=1 ) LIMIT 1   [ RunTime:0.0010s ]
SQL: SHOW COLUMNS FROM `cmf_menu` [ RunTime:0.0070s ]
NOTIC: D方法实例化没找到模型类Common\Model\AuthRuleModel
SQL: SHOW COLUMNS FROM `cmf_auth_rule` [ RunTime:0.0070s ]
SQL: SELECT `id` FROM `cmf_menu` WHERE `app` = 'Study1' AND `model` = 'Index' AND `action` = 'index' LIMIT 1   [ RunTime:0.0010s ]
SQL: UPDATE `cmf_menu` SET `parentid`='162',`name`='学生信息查询',`app`='Study1',`model`='Index',`action`='index',`data`='',`icon`='',`remark`='',`status`='0',`type`='1' WHERE `id` = 164 [ RunTime:0.0020s ]
SQL: SELECT * FROM `cmf_auth_rule` WHERE `name` = 'study1/index/index' LIMIT 1   [ RunTime:0.0200s ]
SQL: UPDATE `cmf_auth_rule` SET `name`='study1/index/index',`module`='Study1',`type`='admin_url',`title`='学生信息查询' WHERE `name` = 'study1/index/index' [ RunTime:0.0030s ]

[ 2016-03-07T08:57:34+08:00 ] ::1 /cmf/index.php?g=Admin&m=Menu&a=edit&id=164&menuid=100
NOTIC: D方法实例化没找到模型类Common\Model\AuthRuleModel

[ 2016-03-07T08:57:42+08:00 ] ::1 /cmf/index.php?g=Admin&m=Menu&a=edit&id=163&menuid=100
NOTIC: D方法实例化没找到模型类Common\Model\AuthRuleModel

[ 2016-03-07T08:57:46+08:00 ] ::1 /cmf/index.php?g=Admin&m=Menu&a=edit_post
INFO: [ app_begin ] --START--
INFO: Run Behavior\ReadHtmlCacheBehavior [ RunTime:0.000000s ]
INFO: Run Behavior\CheckLangBehavior [ RunTime:0.001000s ]
INFO: [ app_begin ] --END-- [ RunTime:0.002000s ]
SQL: SHOW COLUMNS FROM `cmf_users` [ RunTime:0.0080s ]
SQL: SELECT * FROM `cmf_users` WHERE ( id=1 ) LIMIT 1   [ RunTime:0.0010s ]
SQL: SHOW COLUMNS FROM `cmf_menu` [ RunTime:0.0080s ]
NOTIC: D方法实例化没找到模型类Common\Model\AuthRuleModel
SQL: SHOW COLUMNS FROM `cmf_auth_rule` [ RunTime:0.0050s ]
SQL: SELECT `id` FROM `cmf_menu` WHERE `app` = 'Content' AND `model` = 'Index' AND `action` = 'index' LIMIT 1   [ RunTime:0.0000s ]
SQL: UPDATE `cmf_menu` SET `parentid`='162',`name`='内容信息列表',`app`='Content',`model`='Index',`action`='index',`data`='',`icon`='',`remark`='',`status`='0',`type`='1' WHERE `id` = 163 [ RunTime:0.0000s ]
SQL: SELECT * FROM `cmf_auth_rule` WHERE `name` = 'content/index/index' LIMIT 1   [ RunTime:0.0000s ]
SQL: UPDATE `cmf_auth_rule` SET `name`='content/index/index',`module`='Content',`type`='admin_url',`title`='内容信息列表' WHERE `name` = 'content/index/index' [ RunTime:0.0010s ]

[ 2016-03-07T08:57:47+08:00 ] ::1 /cmf/index.php?g=Admin&m=Menu&a=edit&id=163&menuid=100
NOTIC: D方法实例化没找到模型类Common\Model\AuthRuleModel

[ 2016-03-07T08:57:53+08:00 ] ::1 /cmf/index.php?g=Admin&m=Menu&a=edit&id=162&menuid=100
NOTIC: D方法实例化没找到模型类Common\Model\AuthRuleModel

[ 2016-03-07T08:57:58+08:00 ] ::1 /cmf/index.php?g=Admin&m=Menu&a=edit_post
INFO: [ app_begin ] --START--
INFO: Run Behavior\ReadHtmlCacheBehavior [ RunTime:0.000000s ]
INFO: Run Behavior\CheckLangBehavior [ RunTime:0.001001s ]
INFO: [ app_begin ] --END-- [ RunTime:0.002001s ]
SQL: SHOW COLUMNS FROM `cmf_users` [ RunTime:0.0090s ]
SQL: SELECT * FROM `cmf_users` WHERE ( id=1 ) LIMIT 1   [ RunTime:0.0000s ]
SQL: SHOW COLUMNS FROM `cmf_menu` [ RunTime:0.0080s ]
NOTIC: D方法实例化没找到模型类Common\Model\AuthRuleModel
SQL: SHOW COLUMNS FROM `cmf_auth_rule` [ RunTime:0.0070s ]
SQL: SELECT `id` FROM `cmf_menu` WHERE `app` = 'Study' AND `model` = 'Index' AND `action` = 'index' LIMIT 1   [ RunTime:0.0000s ]
SQL: UPDATE `cmf_menu` SET `parentid`='0',`name`='PHP学习',`app`='Study',`model`='Index',`action`='index',`data`='',`icon`='',`remark`='',`status`='0',`type`='1' WHERE `id` = 162 [ RunTime:0.0000s ]
SQL: SELECT * FROM `cmf_auth_rule` WHERE `name` = 'study/index/index' LIMIT 1   [ RunTime:0.0000s ]
SQL: UPDATE `cmf_auth_rule` SET `name`='study/index/index',`module`='Study',`type`='admin_url',`title`='PHP学习' WHERE `name` = 'study/index/index' [ RunTime:0.0020s ]

[ 2016-03-07T08:57:59+08:00 ] ::1 /cmf/index.php?g=Admin&m=Menu&a=edit&id=162&menuid=100
NOTIC: D方法实例化没找到模型类Common\Model\AuthRuleModel

[ 2016-03-07T08:58:09+08:00 ] ::1 /cmf/index.php?g=Admin&m=Menu&a=index&menuid=100
NOTIC: D方法实例化没找到模型类Common\Model\AuthRuleModel

[ 2016-03-07T08:58:12+08:00 ] ::1 /cmf/index.php?g=Admin&m=Menu&a=edit&id=39&menuid=100
NOTIC: D方法实例化没找到模型类Common\Model\AuthRuleModel

[ 2016-03-07T08:58:16+08:00 ] ::1 /cmf/index.php?g=Admin&m=Menu&a=edit_post
INFO: [ app_begin ] --START--
INFO: Run Behavior\ReadHtmlCacheBehavior [ RunTime:0.000000s ]
INFO: Run Behavior\CheckLangBehavior [ RunTime:0.001000s ]
INFO: [ app_begin ] --END-- [ RunTime:0.002000s ]
SQL: SHOW COLUMNS FROM `cmf_users` [ RunTime:0.0080s ]
SQL: SELECT * FROM `cmf_users` WHERE ( id=1 ) LIMIT 1   [ RunTime:0.0010s ]
SQL: SHOW COLUMNS FROM `cmf_menu` [ RunTime:0.0080s ]
NOTIC: D方法实例化没找到模型类Common\Model\AuthRuleModel
SQL: SHOW COLUMNS FROM `cmf_auth_rule` [ RunTime:0.0080s ]
SQL: SELECT `id` FROM `cmf_menu` WHERE `app` = 'Admin' AND `model` = 'Extension' AND `action` = 'default' LIMIT 1   [ RunTime:0.0000s ]
SQL: UPDATE `cmf_menu` SET `parentid`='0',`name`='扩展工具',`app`='Admin',`model`='Extension',`action`='default',`data`='',`icon`='cloud',`remark`='',`status`='0',`type`='0' WHERE `id` = 39 [ RunTime:0.0010s ]
SQL: SELECT * FROM `cmf_auth_rule` WHERE `name` = 'admin/extension/default' LIMIT 1   [ RunTime:0.0010s ]
SQL: UPDATE `cmf_auth_rule` SET `name`='admin/extension/default',`module`='Admin',`type`='admin_url',`title`='扩展工具' WHERE `name` = 'admin/extension/default' [ RunTime:0.0030s ]

[ 2016-03-07T08:58:17+08:00 ] ::1 /cmf/index.php?g=Admin&m=Menu&a=edit&id=39&menuid=100
NOTIC: D方法实例化没找到模型类Common\Model\AuthRuleModel

