[ 2016-01-30T11:45:46+08:00 ] 127.0.0.1 /cmf/index.php?g=user&m=index&a=is_login
INFO: [ app_begin ] --START--
INFO: Run Behavior\ReadHtmlCacheBehavior [ RunTime:0.000000s ]
INFO: Run Behavior\CheckLangBehavior [ RunTime:0.001001s ]
INFO: [ app_begin ] --END-- [ RunTime:0.003001s ]
NOTIC: [8] Undefined index: url E:\PHP\wamp\www\cmf\application\Common\Controller\AppframeController.class.php 第 24 行.

[ 2016-01-30T11:45:52+08:00 ] 127.0.0.1 /cmf/index.php?g=user&m=index&a=is_login
INFO: [ app_begin ] --START--
INFO: Run Behavior\ReadHtmlCacheBehavior [ RunTime:0.001000s ]
INFO: Run Behavior\CheckLangBehavior [ RunTime:0.002000s ]
INFO: [ app_begin ] --END-- [ RunTime:0.003000s ]
NOTIC: [8] Undefined index: url E:\PHP\wamp\www\cmf\application\Common\Controller\AppframeController.class.php 第 24 行.

[ 2016-01-30T14:46:49+08:00 ] 127.0.0.1 /cmf/index.php?g=user&m=index&a=is_login
INFO: [ app_begin ] --START--
INFO: Run Behavior\ReadHtmlCacheBehavior [ RunTime:0.001000s ]
INFO: Run Behavior\CheckLangBehavior [ RunTime:0.001000s ]
INFO: [ app_begin ] --END-- [ RunTime:0.002000s ]
NOTIC: [8] Undefined index: url E:\PHP\wamp\www\cmf\application\Common\Controller\AppframeController.class.php 第 24 行.

[ 2016-01-30T14:46:52+08:00 ] 127.0.0.1 /cmf/index.php?g=user&m=index&a=is_login
INFO: [ app_begin ] --START--
INFO: Run Behavior\ReadHtmlCacheBehavior [ RunTime:0.001000s ]
INFO: Run Behavior\CheckLangBehavior [ RunTime:0.001000s ]
INFO: [ app_begin ] --END-- [ RunTime:0.003000s ]
NOTIC: [8] Undefined index: url E:\PHP\wamp\www\cmf\application\Common\Controller\AppframeController.class.php 第 24 行.

[ 2016-01-30T14:47:00+08:00 ] 127.0.0.1 /cmf/index.php?g=user&m=index&a=is_login
INFO: [ app_begin ] --START--
INFO: Run Behavior\ReadHtmlCacheBehavior [ RunTime:0.001000s ]
INFO: Run Behavior\CheckLangBehavior [ RunTime:0.002000s ]
INFO: [ app_begin ] --END-- [ RunTime:0.004000s ]
NOTIC: [8] Undefined index: url E:\PHP\wamp\www\cmf\application\Common\Controller\AppframeController.class.php 第 24 行.

[ 2016-01-30T14:47:12+08:00 ] 127.0.0.1 /cmf/index.php?g=user&m=index&a=is_login
INFO: [ app_begin ] --START--
INFO: Run Behavior\ReadHtmlCacheBehavior [ RunTime:0.001000s ]
INFO: Run Behavior\CheckLangBehavior [ RunTime:0.002000s ]
INFO: [ app_begin ] --END-- [ RunTime:0.003000s ]
NOTIC: [8] Undefined index: url E:\PHP\wamp\www\cmf\application\Common\Controller\AppframeController.class.php 第 24 行.

[ 2016-01-30T16:25:09+08:00 ] 127.0.0.1 /cmf/index.php?g=user&m=index&a=is_login
INFO: [ app_begin ] --START--
INFO: Run Behavior\ReadHtmlCacheBehavior [ RunTime:0.000000s ]
INFO: Run Behavior\CheckLangBehavior [ RunTime:0.000000s ]
INFO: [ app_begin ] --END-- [ RunTime:0.000000s ]
NOTIC: [8] Undefined index: url E:\PHP\wamp\www\cmf\application\Common\Controller\AppframeController.class.php 第 24 行.

[ 2016-01-30T17:42:20+08:00 ] 127.0.0.1 /cmf/index.php?g=user&m=index&a=is_login
INFO: [ app_begin ] --START--
INFO: Run Behavior\ReadHtmlCacheBehavior [ RunTime:0.000000s ]
INFO: Run Behavior\CheckLangBehavior [ RunTime:0.000000s ]
INFO: [ app_begin ] --END-- [ RunTime:0.000000s ]
NOTIC: [8] Undefined index: url E:\PHP\wamp\www\cmf\application\Common\Controller\AppframeController.class.php 第 24 行.

